2024-03-05T02:19:29,168 [main] INFO  (LoginPage.java:62) - Entering username {standard_user} into the username field
2024-03-05T02:19:29,261 [main] INFO  (TestBase.java:62) - Closing the driver...
2024-03-05T02:19:29,267 [main] INFO  (SeleniumUtils.java:117) - verify_Login_With_Valid_User_Name_And_Password-------> {2}  <---------
2024-03-05T17:04:53,794 [main] INFO  (Logger.java:112) - [TestNG] Running:
  /Users/majdeddinemejbri/Library/Caches/JetBrains/IdeaIC2023.3/temp-testng-customsuite.xml

2024-03-05T17:04:54,140 [main] INFO  (TestBase.java:49) - Setting up the driver...
2024-03-05T17:04:54,142 [main] INFO  (ConfigurationReader.java:19) - Loading the property file...
2024-03-05T17:04:54,143 [main] INFO  (ConfigurationReader.java:41) - Getting the property key {browserType} from the property file
2024-03-05T17:04:54,145 [main] INFO  (Driver.java:24) - Getting a driver instance
2024-03-05T17:04:54,145 [main] INFO  (Driver.java:39) - Starting a Chrome browser
2024-03-05T17:05:00,128 [main] INFO  (WebDriverManager.java:1217) - Using chromedriver 122.0.6261.94 (resolved driver for Chrome 122)
2024-03-05T17:05:00,148 [main] INFO  (WebDriverManager.java:1270) - Exporting webdriver.chrome.driver as /Users/majdeddinemejbri/.cache/selenium/chromedriver/mac64/122.0.6261.94/chromedriver
2024-03-05T17:05:03,881 [main] INFO  (ConfigurationReader.java:41) - Getting the property key {url} from the property file
2024-03-05T17:05:04,452 [main] INFO  (LoginPage.java:62) - Entering username {standard_user} into the username field
2024-03-05T17:05:04,738 [main] INFO  (LoginPage.java:71) - Entering password {secret_sauce} into the password field
2024-03-05T17:05:04,840 [main] INFO  (LoginPage.java:80) - Clicking on submit button
2024-03-05T17:05:04,991 [main] INFO  (MainPage.java:92) - Checking if the Main Logo Label is displayed or not
2024-03-05T17:05:05,046 [main] INFO  (MainPage.java:102) - Getting the href from the Twitter Logo
2024-03-05T17:05:05,082 [main] INFO  (MainPage.java:110) - Getting the href from the Facebook Logo
2024-03-05T17:05:05,109 [main] INFO  (MainPage.java:118) - Getting the href from the LinkedIn Logo
2024-03-05T17:05:05,140 [main] INFO  (TestBase.java:62) - Closing the driver...
2024-03-05T17:05:05,146 [main] INFO  (SeleniumUtils.java:117) - verify_Login_With_Valid_User_Name_And_Password-------> {1}  <---------
2024-03-05T17:05:43,536 [main] INFO  (Logger.java:112) - [TestNG] Running:
  /Users/majdeddinemejbri/Library/Caches/JetBrains/IdeaIC2023.3/temp-testng-customsuite.xml

2024-03-05T17:05:43,877 [main] INFO  (TestBase.java:49) - Setting up the driver...
2024-03-05T17:05:43,878 [main] INFO  (ConfigurationReader.java:19) - Loading the property file...
2024-03-05T17:05:43,879 [main] INFO  (ConfigurationReader.java:41) - Getting the property key {browserType} from the property file
2024-03-05T17:05:43,881 [main] INFO  (Driver.java:24) - Getting a driver instance
2024-03-05T17:05:43,881 [main] INFO  (Driver.java:39) - Starting a Chrome browser
2024-03-05T17:05:44,289 [main] INFO  (WebDriverManager.java:1217) - Using chromedriver 122.0.6261.94 (resolved driver for Chrome 122)
2024-03-05T17:05:44,323 [main] INFO  (WebDriverManager.java:1270) - Exporting webdriver.chrome.driver as /Users/majdeddinemejbri/.cache/selenium/chromedriver/mac64/122.0.6261.94/chromedriver
2024-03-05T17:05:47,016 [main] INFO  (ConfigurationReader.java:41) - Getting the property key {url} from the property file
2024-03-05T17:05:47,613 [main] INFO  (LoginPage.java:62) - Entering username {standard_user} into the username field
2024-03-05T17:05:47,877 [main] INFO  (LoginPage.java:71) - Entering password {secret_sauce} into the password field
2024-03-05T17:05:47,981 [main] INFO  (LoginPage.java:80) - Clicking on submit button
2024-03-05T17:05:48,112 [main] INFO  (MainPage.java:92) - Checking if the Main Logo Label is displayed or not
2024-03-05T17:05:48,169 [main] INFO  (MainPage.java:102) - Getting the href from the Twitter Logo
2024-03-05T17:05:48,207 [main] INFO  (MainPage.java:110) - Getting the href from the Facebook Logo
2024-03-05T17:05:48,240 [main] INFO  (MainPage.java:118) - Getting the href from the LinkedIn Logo
2024-03-05T17:05:48,274 [main] INFO  (TestBase.java:62) - Closing the driver...
2024-03-05T17:05:48,280 [main] INFO  (SeleniumUtils.java:117) - verify_Login_With_Valid_User_Name_And_Password-------> {1}  <---------
2024-03-05T17:06:07,076 [main] INFO  (Logger.java:112) - [TestNG] Running:
  /Users/majdeddinemejbri/Library/Caches/JetBrains/IdeaIC2023.3/temp-testng-customsuite.xml

2024-03-05T17:06:07,343 [main] INFO  (TestBase.java:49) - Setting up the driver...
2024-03-05T17:06:07,344 [main] INFO  (ConfigurationReader.java:19) - Loading the property file...
2024-03-05T17:06:07,345 [main] INFO  (ConfigurationReader.java:41) - Getting the property key {browserType} from the property file
2024-03-05T17:06:07,347 [main] INFO  (Driver.java:24) - Getting a driver instance
2024-03-05T17:06:07,347 [main] INFO  (Driver.java:39) - Starting a Chrome browser
2024-03-05T17:06:07,744 [main] INFO  (WebDriverManager.java:1217) - Using chromedriver 122.0.6261.94 (resolved driver for Chrome 122)
2024-03-05T17:06:07,762 [main] INFO  (WebDriverManager.java:1270) - Exporting webdriver.chrome.driver as /Users/majdeddinemejbri/.cache/selenium/chromedriver/mac64/122.0.6261.94/chromedriver
2024-03-05T17:06:10,703 [main] INFO  (ConfigurationReader.java:41) - Getting the property key {url} from the property file
2024-03-05T17:06:11,261 [main] INFO  (LoginPage.java:62) - Entering username {standard_user} into the username field
2024-03-05T17:06:11,548 [main] INFO  (LoginPage.java:71) - Entering password {secret_sauce} into the password field
2024-03-05T17:06:11,653 [main] INFO  (LoginPage.java:80) - Clicking on submit button
2024-03-05T17:06:11,782 [main] INFO  (MainPage.java:92) - Checking if the Main Logo Label is displayed or not
2024-03-05T17:06:11,840 [main] INFO  (MainPage.java:102) - Getting the href from the Twitter Logo
2024-03-05T17:06:11,881 [main] INFO  (MainPage.java:110) - Getting the href from the Facebook Logo
2024-03-05T17:06:11,916 [main] INFO  (MainPage.java:118) - Getting the href from the LinkedIn Logo
2024-03-05T17:06:11,951 [main] INFO  (TestBase.java:62) - Closing the driver...
2024-03-05T17:06:11,956 [main] INFO  (SeleniumUtils.java:117) - verify_Login_With_Valid_User_Name_And_Password-------> {1}  <---------
2024-03-05T17:06:27,840 [main] INFO  (Logger.java:112) - [TestNG] Running:
  /Users/majdeddinemejbri/Library/Caches/JetBrains/IdeaIC2023.3/temp-testng-customsuite.xml

2024-03-05T17:06:28,144 [main] INFO  (TestBase.java:49) - Setting up the driver...
2024-03-05T17:06:28,146 [main] INFO  (ConfigurationReader.java:19) - Loading the property file...
2024-03-05T17:06:28,147 [main] INFO  (ConfigurationReader.java:41) - Getting the property key {browserType} from the property file
2024-03-05T17:06:28,148 [main] INFO  (Driver.java:24) - Getting a driver instance
2024-03-05T17:06:28,148 [main] INFO  (Driver.java:39) - Starting a Chrome browser
2024-03-05T17:06:28,621 [main] INFO  (WebDriverManager.java:1217) - Using chromedriver 122.0.6261.94 (resolved driver for Chrome 122)
2024-03-05T17:06:28,641 [main] INFO  (WebDriverManager.java:1270) - Exporting webdriver.chrome.driver as /Users/majdeddinemejbri/.cache/selenium/chromedriver/mac64/122.0.6261.94/chromedriver
2024-03-05T17:06:31,541 [main] INFO  (ConfigurationReader.java:41) - Getting the property key {url} from the property file
2024-03-05T17:06:31,970 [main] INFO  (LoginPage.java:62) - Entering username {standard_user} into the username field
2024-03-05T17:06:32,240 [main] INFO  (LoginPage.java:71) - Entering password {secret_sauce} into the password field
2024-03-05T17:06:32,341 [main] INFO  (LoginPage.java:80) - Clicking on submit button
2024-03-05T17:06:32,472 [main] INFO  (MainPage.java:92) - Checking if the Main Logo Label is displayed or not
2024-03-05T17:06:32,536 [main] INFO  (MainPage.java:102) - Getting the href from the Twitter Logo
2024-03-05T17:06:32,575 [main] INFO  (MainPage.java:110) - Getting the href from the Facebook Logo
2024-03-05T17:06:32,611 [main] INFO  (MainPage.java:118) - Getting the href from the LinkedIn Logo
2024-03-05T17:06:32,647 [main] INFO  (TestBase.java:62) - Closing the driver...
2024-03-05T17:06:32,653 [main] INFO  (SeleniumUtils.java:117) - verify_Login_With_Valid_User_Name_And_Password-------> {1}  <---------
2024-03-05T17:09:16,327 [main] INFO  (Logger.java:112) - [TestNG] Running:
  /Users/majdeddinemejbri/Library/Caches/JetBrains/IdeaIC2023.3/temp-testng-customsuite.xml

2024-03-05T17:09:16,767 [main] INFO  (TestBase.java:49) - Setting up the driver...
2024-03-05T17:09:16,769 [main] INFO  (ConfigurationReader.java:19) - Loading the property file...
2024-03-05T17:09:16,770 [main] INFO  (ConfigurationReader.java:41) - Getting the property key {browserType} from the property file
2024-03-05T17:09:16,772 [main] INFO  (Driver.java:24) - Getting a driver instance
2024-03-05T17:09:16,773 [main] INFO  (Driver.java:39) - Starting a Chrome browser
2024-03-05T17:09:17,288 [main] INFO  (WebDriverManager.java:1217) - Using chromedriver 122.0.6261.94 (resolved driver for Chrome 122)
2024-03-05T17:09:17,320 [main] INFO  (WebDriverManager.java:1270) - Exporting webdriver.chrome.driver as /Users/majdeddinemejbri/.cache/selenium/chromedriver/mac64/122.0.6261.94/chromedriver
2024-03-05T17:09:20,304 [main] INFO  (ConfigurationReader.java:41) - Getting the property key {url} from the property file
2024-03-05T17:09:21,182 [main] INFO  (MainPage.java:92) - Checking if the Main Logo Label is displayed or not
2024-03-05T17:31:49,266 [main] INFO  (MainPage.java:92) - Checking if the Main Logo Label is displayed or not
2024-03-05T17:32:55,125 [main] INFO  (MainPage.java:92) - Checking if the Main Logo Label is displayed or not
2024-03-05T18:38:02,809 [main] INFO  (LoginPage.java:62) - Entering username {standard_user} into the username field9yy


2024-03-05T18:52:47,591 [main] INFO  (Logger.java:112) - [TestNG] Running:
  /Users/majdeddinemejbri/Library/Caches/JetBrains/IdeaIC2023.3/temp-testng-customsuite.xml

2024-03-05T18:52:47,941 [main] INFO  (TestBase.java:47) - Setting up the driver...
2024-03-05T18:52:47,943 [main] INFO  (Driver.java:24) - Getting a driver instance
2024-03-05T18:52:47,943 [main] INFO  (Driver.java:39) - Starting a Chrome browser
2024-03-05T18:52:48,936 [main] INFO  (WebDriverManager.java:1217) - Using chromedriver 122.0.6261.94 (resolved driver for Chrome 122)
2024-03-05T18:52:48,959 [main] INFO  (WebDriverManager.java:1270) - Exporting webdriver.chrome.driver as /Users/majdeddinemejbri/.cache/selenium/chromedriver/mac64/122.0.6261.94/chromedriver
2024-03-05T18:52:51,759 [main] INFO  (ConfigurationReader.java:19) - Loading the property file...
2024-03-05T18:52:51,761 [main] INFO  (ConfigurationReader.java:41) - Getting the property key {url} from the property file
2024-03-05T18:52:52,361 [main] INFO  (TC_01_VerifyLoginWithValidUserNameAndPassword.java:21) -  Verify Login with Valid UserName and Password
2024-03-05T18:52:52,380 [main] INFO  (LoginPage.java:63) - Entering username {standard_user} into the username field
2024-03-05T18:52:52,667 [main] INFO  (LoginPage.java:72) - Entering password {secret_sauce} into the password field
2024-03-05T18:52:52,756 [main] INFO  (LoginPage.java:81) - Clicking on submit button
2024-03-05T18:52:52,897 [main] INFO  (MainPage.java:92) - Checking if the Main Logo Label is displayed or not
2024-03-05T18:52:52,953 [main] INFO  (MainPage.java:102) - Getting the href from the Twitter Logo
2024-03-05T18:52:52,993 [main] INFO  (MainPage.java:110) - Getting the href from the Facebook Logo
2024-03-05T18:52:53,030 [main] INFO  (MainPage.java:118) - Getting the href from the LinkedIn Logo
2024-03-05T18:52:53,063 [main] INFO  (TestBase.java:60) - Closing the driver...
2024-03-05T18:52:53,069 [main] INFO  (SeleniumUtils.java:117) - verify_Login_With_Valid_User_Name_And_Password-------> {1}  <---------
2024-03-05T18:52:53,073 [main] INFO  (Driver.java:53) - Closing the browser
2024-03-05T19:25:58,048 [main] INFO  (Logger.java:112) - [TestNG] Running:
  /Users/majdeddinemejbri/IdeaProjects/RappidTech-Selenium/rappidtech-selenium-teestng-maven-final/testnj-xml-fiels/run-regression-test.xml

2024-03-05T19:25:58,352 [main] INFO  (TestBase.java:47) - Setting up the driver...
2024-03-05T19:25:58,354 [main] INFO  (Driver.java:26) - Getting a driver instance
2024-03-05T19:25:58,354 [main] INFO  (Driver.java:53) - Starting a Chrome browser
2024-03-05T19:25:58,774 [main] INFO  (WebDriverManager.java:1217) - Using chromedriver 122.0.6261.94 (resolved driver for Chrome 122)
2024-03-05T19:25:58,802 [main] INFO  (WebDriverManager.java:1270) - Exporting webdriver.chrome.driver as /Users/majdeddinemejbri/.cache/selenium/chromedriver/mac64/122.0.6261.94/chromedriver
2024-03-05T19:26:01,576 [main] INFO  (ConfigurationReader.java:19) - Loading the property file...
2024-03-05T19:26:01,577 [main] INFO  (ConfigurationReader.java:41) - Getting the property key {url} from the property file
2024-03-05T19:26:02,079 [main] INFO  (TC_10_VerifyDefaultFilteringOption.java:18) - Verify default filtering options
2024-03-05T19:26:02,097 [main] INFO  (LoginPage.java:63) - Entering username {standard_user} into the username field
2024-03-05T19:26:02,345 [main] INFO  (LoginPage.java:72) - Entering password {secret_sauce} into the password field
2024-03-05T19:26:02,439 [main] INFO  (LoginPage.java:81) - Clicking on submit button
2024-03-05T19:26:02,574 [main] INFO  (MainPage.java:196) - Checking the default filter selection in the main page
2024-03-05T19:26:02,744 [main] INFO  (TestBase.java:60) - Closing the driver...
2024-03-05T19:26:02,749 [main] INFO  (SeleniumUtils.java:117) - verify_Default_Filtering_Option-------> {1}  <---------
2024-03-05T19:26:02,752 [main] INFO  (Driver.java:67) - Closing the browser
2024-03-05T19:26:02,951 [main] INFO  (TestBase.java:47) - Setting up the driver...
2024-03-05T19:26:02,951 [main] INFO  (Driver.java:26) - Getting a driver instance
2024-03-05T19:26:02,951 [main] INFO  (Driver.java:53) - Starting a Chrome browser
2024-03-05T19:26:02,969 [main] INFO  (WebDriverManager.java:1217) - Using chromedriver 122.0.6261.94 (resolved driver for Chrome 122)
2024-03-05T19:26:02,977 [main] INFO  (WebDriverManager.java:1270) - Exporting webdriver.chrome.driver as /Users/majdeddinemejbri/.cache/selenium/chromedriver/mac64/122.0.6261.94/chromedriver
2024-03-05T19:26:05,037 [main] INFO  (ConfigurationReader.java:41) - Getting the property key {url} from the property file
2024-03-05T19:26:05,538 [main] INFO  (TC_04_VerifyLoginWithEmptyUserName.java:19) - Verify login with empty username
2024-03-05T19:26:05,538 [main] INFO  (LoginPage.java:63) - Entering username {} into the username field
2024-03-05T19:26:05,663 [main] INFO  (LoginPage.java:72) - Entering password {secret_sauce} into the password field
2024-03-05T19:26:05,873 [main] INFO  (LoginPage.java:81) - Clicking on submit button
2024-03-05T19:26:05,964 [main] INFO  (LoginPage.java:125) - Getting the error message for the required username
2024-03-05T19:26:05,995 [main] INFO  (TestBase.java:60) - Closing the driver...
2024-03-05T19:26:05,995 [main] INFO  (SeleniumUtils.java:117) - verify_Login_With_Empty_UserName-------> {1}  <---------
2024-03-05T19:26:05,995 [main] INFO  (Driver.java:67) - Closing the browser
2024-03-05T19:26:06,140 [main] INFO  (TestBase.java:47) - Setting up the driver...
2024-03-05T19:26:06,140 [main] INFO  (Driver.java:26) - Getting a driver instance
2024-03-05T19:26:06,141 [main] INFO  (Driver.java:53) - Starting a Chrome browser
2024-03-05T19:26:06,156 [main] INFO  (WebDriverManager.java:1217) - Using chromedriver 122.0.6261.94 (resolved driver for Chrome 122)
2024-03-05T19:26:06,164 [main] INFO  (WebDriverManager.java:1270) - Exporting webdriver.chrome.driver as /Users/majdeddinemejbri/.cache/selenium/chromedriver/mac64/122.0.6261.94/chromedriver
2024-03-05T19:26:08,057 [main] INFO  (ConfigurationReader.java:41) - Getting the property key {url} from the property file
2024-03-05T19:26:08,606 [main] INFO  (TC_03_VerifyTheListOfAcceptedUserName.java:22) - Verify The list of the accepted usernames
2024-03-05T19:26:08,609 [main] INFO  (LoginPage.java:110) - Getting the list of the valid usernames
2024-03-05T19:26:08,649 [main] INFO  (TestBase.java:60) - Closing the driver...
2024-03-05T19:26:08,649 [main] INFO  (SeleniumUtils.java:117) - verify_The_List_Of_Accepted_UserName-------> {1}  <---------
2024-03-05T19:26:08,650 [main] INFO  (Driver.java:67) - Closing the browser
2024-03-05T19:26:08,816 [main] INFO  (TestBase.java:47) - Setting up the driver...
2024-03-05T19:26:08,816 [main] INFO  (Driver.java:26) - Getting a driver instance
2024-03-05T19:26:08,817 [main] INFO  (Driver.java:53) - Starting a Chrome browser
2024-03-05T19:26:08,831 [main] INFO  (WebDriverManager.java:1217) - Using chromedriver 122.0.6261.94 (resolved driver for Chrome 122)
2024-03-05T19:26:08,839 [main] INFO  (WebDriverManager.java:1270) - Exporting webdriver.chrome.driver as /Users/majdeddinemejbri/.cache/selenium/chromedriver/mac64/122.0.6261.94/chromedriver
2024-03-05T19:26:10,826 [main] INFO  (ConfigurationReader.java:41) - Getting the property key {url} from the property file
2024-03-05T19:26:11,292 [main] INFO  (TC_05_VerifyLoginWithEmptyPassword.java:17) - Verify login with empty password
2024-03-05T19:26:11,293 [main] INFO  (LoginPage.java:63) - Entering username {standard_user} into the username field
2024-03-05T19:26:11,547 [main] INFO  (LoginPage.java:72) - Entering password {} into the password field
2024-03-05T19:26:11,629 [main] INFO  (LoginPage.java:81) - Clicking on submit button
2024-03-05T19:26:11,722 [main] INFO  (LoginPage.java:134) - Getting the error message for the required password
2024-03-05T19:26:11,757 [main] INFO  (TestBase.java:60) - Closing the driver...
2024-03-05T19:26:11,757 [main] INFO  (SeleniumUtils.java:117) - verify_Login_With_Empty_Password-------> {1}  <---------
2024-03-05T19:26:11,757 [main] INFO  (Driver.java:67) - Closing the browser
2024-03-05T19:26:11,897 [main] INFO  (TestBase.java:47) - Setting up the driver...
2024-03-05T19:26:11,897 [main] INFO  (Driver.java:26) - Getting a driver instance
2024-03-05T19:26:11,898 [main] INFO  (Driver.java:53) - Starting a Chrome browser
2024-03-05T19:26:11,911 [main] INFO  (WebDriverManager.java:1217) - Using chromedriver 122.0.6261.94 (resolved driver for Chrome 122)
2024-03-05T19:26:11,919 [main] INFO  (WebDriverManager.java:1270) - Exporting webdriver.chrome.driver as /Users/majdeddinemejbri/.cache/selenium/chromedriver/mac64/122.0.6261.94/chromedriver
2024-03-05T19:26:13,894 [main] INFO  (ConfigurationReader.java:41) - Getting the property key {url} from the property file
2024-03-05T19:26:14,323 [main] INFO  (TC_13_VerifyCheckoutOverview.java:23) - Verifying checkout Information after selecting items from main page
2024-03-05T19:26:14,323 [main] INFO  (TC_13_VerifyCheckoutOverview.java:26) - Verifying checkout information for selected items in the main page 
2024-03-05T19:26:14,324 [main] INFO  (LoginPage.java:89) - Logging to sauce demo using valid credentials
2024-03-05T19:26:14,324 [main] INFO  (ConfigurationReader.java:41) - Getting the property key {validUserName} from the property file
2024-03-05T19:26:14,328 [main] INFO  (LoginPage.java:63) - Entering username {standard_user} into the username field
2024-03-05T19:26:14,580 [main] INFO  (ConfigurationReader.java:41) - Getting the property key {validPassword} from the property file
2024-03-05T19:26:14,581 [main] INFO  (LoginPage.java:72) - Entering password {secret_sauce} into the password field
2024-03-05T19:26:14,675 [main] INFO  (LoginPage.java:81) - Clicking on submit button
2024-03-05T19:26:14,805 [main] INFO  (MainPage.java:139) - Clicking on the Add to Cart for Back Pack
2024-03-05T19:26:14,869 [main] INFO  (MainPage.java:237) - Clicking on the Add to cart for the Bike Light Item
2024-03-05T19:26:14,923 [main] INFO  (MainPage.java:185) - Clicking on the shopping cart icon
2024-03-05T19:26:14,984 [main] INFO  (CartPage.java:128) - Clicking on Checkout Button
2024-03-05T19:26:15,181 [main] INFO  (CheckoutPage.java:86) - Entering Tonie into the First Name input box
2024-03-05T19:26:15,263 [main] INFO  (CheckoutPage.java:94) - Entering Lubowitz into the Last Name input box
2024-03-05T19:26:15,362 [main] INFO  (CheckoutPage.java:102) - Entering 85923-0883 into Zip Code input box
2024-03-05T19:26:15,453 [main] INFO  (CheckoutPage.java:110) - Clicking on Continue button
2024-03-05T19:26:15,524 [main] INFO  (CheckoutOverViewPage.java:39) -  Checking if the payment information label is displayed
2024-03-05T19:26:15,574 [main] INFO  (CheckoutOverViewPage.java:43) -  Checking if the shipping information label is displayed
2024-03-05T19:26:15,605 [main] INFO  (CheckoutOverViewPage.java:48) - Getting the total price of the items from the overview pages
2024-03-05T19:26:15,636 [main] INFO  (TestBase.java:60) - Closing the driver...
2024-03-05T19:26:15,636 [main] INFO  (SeleniumUtils.java:117) - verify_Checkout_Information_For_Selected_Items-------> {1}  <---------
2024-03-05T19:26:15,637 [main] INFO  (Driver.java:67) - Closing the browser
2024-03-05T19:26:15,775 [main] INFO  (TestBase.java:47) - Setting up the driver...
2024-03-05T19:26:15,775 [main] INFO  (Driver.java:26) - Getting a driver instance
2024-03-05T19:26:15,775 [main] INFO  (Driver.java:53) - Starting a Chrome browser
2024-03-05T19:26:15,793 [main] INFO  (WebDriverManager.java:1217) - Using chromedriver 122.0.6261.94 (resolved driver for Chrome 122)
2024-03-05T19:26:15,799 [main] INFO  (WebDriverManager.java:1270) - Exporting webdriver.chrome.driver as /Users/majdeddinemejbri/.cache/selenium/chromedriver/mac64/122.0.6261.94/chromedriver
2024-03-05T19:26:17,745 [main] INFO  (ConfigurationReader.java:41) - Getting the property key {url} from the property file
2024-03-05T19:26:18,143 [main] INFO  (TC_11_VerifyItemInCart.java:19) - Verifying that adding Sauce Labs Backpack is available in the Cart Page 
2024-03-05T19:26:18,144 [main] INFO  (LoginPage.java:89) - Logging to sauce demo using valid credentials
2024-03-05T19:26:18,148 [main] INFO  (ConfigurationReader.java:41) - Getting the property key {validUserName} from the property file
2024-03-05T19:26:18,148 [main] INFO  (LoginPage.java:63) - Entering username {standard_user} into the username field
2024-03-05T19:26:18,405 [main] INFO  (ConfigurationReader.java:41) - Getting the property key {validPassword} from the property file
2024-03-05T19:26:18,406 [main] INFO  (LoginPage.java:72) - Entering password {secret_sauce} into the password field
2024-03-05T19:26:18,511 [main] INFO  (LoginPage.java:81) - Clicking on submit button
2024-03-05T19:26:18,635 [main] INFO  (MainPage.java:139) - Clicking on the Add to Cart for Back Pack
2024-03-05T19:26:18,692 [main] INFO  (MainPage.java:185) - Clicking on the shopping cart icon
2024-03-05T19:26:18,755 [main] INFO  (CartPage.java:104) - Getting the label of the BackPack item from Cart page
2024-03-05T19:26:18,792 [main] INFO  (CartPage.java:112) - Getting the Description of the BackPack item from Cart page
2024-03-05T19:26:18,814 [main] INFO  (CartPage.java:120) - Getting the Price of the BackPack item from Cart page
2024-03-05T19:26:18,835 [main] INFO  (CartPage.java:104) - Getting the label of the BackPack item from Cart page
2024-03-05T19:26:18,854 [main] INFO  (MainPage.java:212) - Getting the label of the BackPack item from Cart page
2024-03-05T19:26:18,876 [main] INFO  (CartPage.java:112) - Getting the Description of the BackPack item from Cart page
2024-03-05T19:26:18,893 [main] INFO  (MainPage.java:221) - Getting the Description of the BackPack item from Cart page
2024-03-05T19:26:18,914 [main] INFO  (CartPage.java:120) - Getting the Price of the BackPack item from Cart page
2024-03-05T19:26:18,933 [main] INFO  (MainPage.java:229) - Getting the Price of the BackPack item from Cart page
2024-03-05T19:26:18,951 [main] INFO  (TestBase.java:60) - Closing the driver...
2024-03-05T19:26:18,951 [main] INFO  (SeleniumUtils.java:117) - Verify_Item_Is_Added_To_Cart-------> {1}  <---------
2024-03-05T19:26:18,951 [main] INFO  (Driver.java:67) - Closing the browser
2024-03-05T19:26:19,108 [main] INFO  (TestBase.java:47) - Setting up the driver...
2024-03-05T19:26:19,108 [main] INFO  (Driver.java:26) - Getting a driver instance
2024-03-05T19:26:19,109 [main] INFO  (Driver.java:53) - Starting a Chrome browser
2024-03-05T19:26:19,122 [main] INFO  (WebDriverManager.java:1217) - Using chromedriver 122.0.6261.94 (resolved driver for Chrome 122)
2024-03-05T19:26:19,129 [main] INFO  (WebDriverManager.java:1270) - Exporting webdriver.chrome.driver as /Users/majdeddinemejbri/.cache/selenium/chromedriver/mac64/122.0.6261.94/chromedriver
2024-03-05T19:26:21,045 [main] INFO  (ConfigurationReader.java:41) - Getting the property key {url} from the property file
2024-03-05T19:26:21,452 [main] INFO  (TC_12_VerifyCheckout.java:20) - Verifying checkout page labels
2024-03-05T19:26:21,455 [main] INFO  (LoginPage.java:89) - Logging to sauce demo using valid credentials
2024-03-05T19:26:21,455 [main] INFO  (ConfigurationReader.java:41) - Getting the property key {validUserName} from the property file
2024-03-05T19:26:21,458 [main] INFO  (LoginPage.java:63) - Entering username {standard_user} into the username field
2024-03-05T19:26:21,699 [main] INFO  (ConfigurationReader.java:41) - Getting the property key {validPassword} from the property file
2024-03-05T19:26:21,699 [main] INFO  (LoginPage.java:72) - Entering password {secret_sauce} into the password field
2024-03-05T19:26:21,794 [main] INFO  (LoginPage.java:81) - Clicking on submit button
2024-03-05T19:26:21,920 [main] INFO  (MainPage.java:185) - Clicking on the shopping cart icon
2024-03-05T19:26:21,983 [main] INFO  (CartPage.java:128) - Clicking on Checkout Button
2024-03-05T19:26:22,058 [main] INFO  (CheckoutPage.java:45) - Checking if element is displayed
2024-03-05T19:26:22,098 [main] INFO  (CheckoutPage.java:53) - Checking if element is displayed
2024-03-05T19:26:22,127 [main] INFO  (CheckoutPage.java:61) - Checking if element is displayed
2024-03-05T19:26:22,150 [main] INFO  (CheckoutPage.java:69) - Checking if element is displayed
2024-03-05T19:26:22,172 [main] INFO  (CheckoutPage.java:77) - Checking if element is displayed
2024-03-05T19:26:22,195 [main] INFO  (TestBase.java:60) - Closing the driver...
2024-03-05T19:26:22,195 [main] INFO  (SeleniumUtils.java:117) - verify_CheckoutPage_Labels-------> {1}  <---------
2024-03-05T19:26:22,196 [main] INFO  (Driver.java:67) - Closing the browser
2024-03-05T19:26:22,331 [main] INFO  (TestBase.java:47) - Setting up the driver...
2024-03-05T19:26:22,331 [main] INFO  (Driver.java:26) - Getting a driver instance
2024-03-05T19:26:22,331 [main] INFO  (Driver.java:53) - Starting a Chrome browser
2024-03-05T19:26:22,348 [main] INFO  (WebDriverManager.java:1217) - Using chromedriver 122.0.6261.94 (resolved driver for Chrome 122)
2024-03-05T19:26:22,359 [main] INFO  (WebDriverManager.java:1270) - Exporting webdriver.chrome.driver as /Users/majdeddinemejbri/.cache/selenium/chromedriver/mac64/122.0.6261.94/chromedriver
2024-03-05T19:26:24,329 [main] INFO  (ConfigurationReader.java:41) - Getting the property key {url} from the property file
2024-03-05T19:26:24,741 [main] INFO  (TC_01_VerifyLoginWithValidUserNameAndPassword.java:21) -  Verify Login with Valid UserName and Password
2024-03-05T19:26:24,745 [main] INFO  (LoginPage.java:63) - Entering username {standard_user} into the username field
2024-03-05T19:26:25,000 [main] INFO  (LoginPage.java:72) - Entering password {secret_sauce} into the password field
2024-03-05T19:26:25,105 [main] INFO  (LoginPage.java:81) - Clicking on submit button
2024-03-05T19:26:25,233 [main] INFO  (MainPage.java:92) - Checking if the Main Logo Label is displayed or not
2024-03-05T19:26:25,266 [main] INFO  (MainPage.java:102) - Getting the href from the Twitter Logo
2024-03-05T19:26:25,305 [main] INFO  (MainPage.java:110) - Getting the href from the Facebook Logo
2024-03-05T19:26:25,334 [main] INFO  (MainPage.java:118) - Getting the href from the LinkedIn Logo
2024-03-05T19:26:25,359 [main] INFO  (TestBase.java:60) - Closing the driver...
2024-03-05T19:26:25,359 [main] INFO  (SeleniumUtils.java:117) - verify_Login_With_Valid_User_Name_And_Password-------> {1}  <---------
2024-03-05T19:26:25,360 [main] INFO  (Driver.java:67) - Closing the browser
2024-03-05T19:26:25,502 [main] INFO  (TestBase.java:47) - Setting up the driver...
2024-03-05T19:26:25,503 [main] INFO  (Driver.java:26) - Getting a driver instance
2024-03-05T19:26:25,503 [main] INFO  (Driver.java:53) - Starting a Chrome browser
2024-03-05T19:26:25,519 [main] INFO  (WebDriverManager.java:1217) - Using chromedriver 122.0.6261.94 (resolved driver for Chrome 122)
2024-03-05T19:26:25,527 [main] INFO  (WebDriverManager.java:1270) - Exporting webdriver.chrome.driver as /Users/majdeddinemejbri/.cache/selenium/chromedriver/mac64/122.0.6261.94/chromedriver
2024-03-05T19:26:27,412 [main] INFO  (ConfigurationReader.java:41) - Getting the property key {url} from the property file
2024-03-05T19:26:27,944 [main] INFO  (TC_06_VerifyListOfItemsInTheSauceDemoStore.java:26) - Verify list of items in the sauce demo store
2024-03-05T19:26:27,944 [main] INFO  (LoginPage.java:63) - Entering username {standard_user} into the username field
2024-03-05T19:26:28,200 [main] INFO  (LoginPage.java:72) - Entering password {secret_sauce} into the password field
2024-03-05T19:26:28,300 [main] INFO  (LoginPage.java:81) - Clicking on submit button
2024-03-05T19:26:28,434 [main] INFO  (MainPage.java:126) - Getting the inventory items from main page
2024-03-05T19:26:28,469 [main] INFO  (MainPage.java:129) - Items are: {Sauce Labs Backpack} 
2024-03-05T19:26:28,496 [main] INFO  (MainPage.java:129) - Items are: {Sauce Labs Bike Light} 
2024-03-05T19:26:28,518 [main] INFO  (MainPage.java:129) - Items are: {Sauce Labs Bolt T-Shirt} 
2024-03-05T19:26:28,539 [main] INFO  (MainPage.java:129) - Items are: {Sauce Labs Fleece Jacket} 
2024-03-05T19:26:28,561 [main] INFO  (MainPage.java:129) - Items are: {Sauce Labs Onesie} 
2024-03-05T19:26:28,582 [main] INFO  (MainPage.java:129) - Items are: {Test.allTheThings() T-Shirt (Red)} 
2024-03-05T19:26:28,602 [main] INFO  (TestBase.java:60) - Closing the driver...
2024-03-05T19:26:28,602 [main] INFO  (SeleniumUtils.java:117) - verify_List_Of_Items_In_The_SauceDemo_Store-------> {1}  <---------
2024-03-05T19:26:28,603 [main] INFO  (Driver.java:67) - Closing the browser
2024-03-05T19:29:46,361 [main] INFO  (Logger.java:112) - [TestNG] Running:
  /Users/majdeddinemejbri/IdeaProjects/RappidTech-Selenium/rappidtech-selenium-teestng-maven-final/testnj-xml-fiels/run-regression-headless-test.xml

2024-03-05T19:29:46,656 [main] INFO  (TestBase.java:47) - Setting up the driver...
2024-03-05T19:29:46,658 [main] INFO  (Driver.java:26) - Getting a driver instance
2024-03-05T19:29:46,658 [main] INFO  (Driver.java:47) - Starting a headless-firefox browser
2024-03-05T19:29:55,392 [main] INFO  (ConfigurationReader.java:19) - Loading the property file...
2024-03-05T19:29:55,394 [main] INFO  (ConfigurationReader.java:41) - Getting the property key {url} from the property file
2024-03-05T19:29:56,254 [main] INFO  (TC_10_VerifyDefaultFilteringOption.java:18) - Verify default filtering options
2024-03-05T19:29:56,265 [main] INFO  (LoginPage.java:63) - Entering username {standard_user} into the username field
2024-03-05T19:29:56,423 [main] INFO  (LoginPage.java:72) - Entering password {secret_sauce} into the password field
2024-03-05T19:29:56,473 [main] INFO  (LoginPage.java:81) - Clicking on submit button
2024-03-05T19:29:56,771 [main] INFO  (MainPage.java:196) - Checking the default filter selection in the main page
2024-03-05T19:29:56,892 [main] INFO  (TestBase.java:60) - Closing the driver...
2024-03-05T19:29:56,896 [main] INFO  (SeleniumUtils.java:117) - verify_Default_Filtering_Option-------> {1}  <---------
2024-03-05T19:29:56,902 [main] INFO  (Driver.java:67) - Closing the browser
2024-03-05T19:29:57,736 [main] INFO  (TestBase.java:47) - Setting up the driver...
2024-03-05T19:29:57,737 [main] INFO  (Driver.java:26) - Getting a driver instance
2024-03-05T19:29:57,737 [main] INFO  (Driver.java:47) - Starting a headless-firefox browser
2024-03-05T19:30:00,638 [main] INFO  (ConfigurationReader.java:41) - Getting the property key {url} from the property file
2024-03-05T19:30:01,281 [main] INFO  (TC_04_VerifyLoginWithEmptyUserName.java:19) - Verify login with empty username
2024-03-05T19:30:01,282 [main] INFO  (LoginPage.java:63) - Entering username {} into the username field
2024-03-05T19:30:01,388 [main] INFO  (LoginPage.java:72) - Entering password {secret_sauce} into the password field
2024-03-05T19:30:01,474 [main] INFO  (LoginPage.java:81) - Clicking on submit button
2024-03-05T19:30:01,725 [main] INFO  (LoginPage.java:125) - Getting the error message for the required username
2024-03-05T19:30:01,751 [main] INFO  (TestBase.java:60) - Closing the driver...
2024-03-05T19:30:01,752 [main] INFO  (SeleniumUtils.java:117) - verify_Login_With_Empty_UserName-------> {1}  <---------
2024-03-05T19:30:01,752 [main] INFO  (Driver.java:67) - Closing the browser
2024-03-05T19:30:02,533 [main] INFO  (TestBase.java:47) - Setting up the driver...
2024-03-05T19:30:02,533 [main] INFO  (Driver.java:26) - Getting a driver instance
2024-03-05T19:30:02,534 [main] INFO  (Driver.java:47) - Starting a headless-firefox browser
2024-03-05T19:30:05,512 [main] INFO  (ConfigurationReader.java:41) - Getting the property key {url} from the property file
2024-03-05T19:30:06,200 [main] INFO  (TC_03_VerifyTheListOfAcceptedUserName.java:22) - Verify The list of the accepted usernames
2024-03-05T19:30:06,200 [main] INFO  (LoginPage.java:110) - Getting the list of the valid usernames
2024-03-05T19:30:06,291 [main] INFO  (TestBase.java:60) - Closing the driver...
2024-03-05T19:30:06,292 [main] INFO  (SeleniumUtils.java:117) - verify_The_List_Of_Accepted_UserName-------> {1}  <---------
2024-03-05T19:30:06,292 [main] INFO  (Driver.java:67) - Closing the browser
2024-03-05T19:30:07,173 [main] INFO  (TestBase.java:47) - Setting up the driver...
2024-03-05T19:30:07,173 [main] INFO  (Driver.java:26) - Getting a driver instance
2024-03-05T19:30:07,174 [main] INFO  (Driver.java:47) - Starting a headless-firefox browser
2024-03-05T19:30:10,145 [main] INFO  (ConfigurationReader.java:41) - Getting the property key {url} from the property file
2024-03-05T19:30:10,783 [main] INFO  (TC_05_VerifyLoginWithEmptyPassword.java:17) - Verify login with empty password
2024-03-05T19:30:10,785 [main] INFO  (LoginPage.java:63) - Entering username {standard_user} into the username field
2024-03-05T19:30:10,952 [main] INFO  (LoginPage.java:72) - Entering password {} into the password field
2024-03-05T19:30:10,992 [main] INFO  (LoginPage.java:81) - Clicking on submit button
2024-03-05T19:30:11,227 [main] INFO  (LoginPage.java:134) - Getting the error message for the required password
2024-03-05T19:30:11,251 [main] INFO  (TestBase.java:60) - Closing the driver...
2024-03-05T19:30:11,251 [main] INFO  (SeleniumUtils.java:117) - verify_Login_With_Empty_Password-------> {1}  <---------
2024-03-05T19:30:11,252 [main] INFO  (Driver.java:67) - Closing the browser
2024-03-05T19:30:12,052 [main] INFO  (TestBase.java:47) - Setting up the driver...
2024-03-05T19:30:12,053 [main] INFO  (Driver.java:26) - Getting a driver instance
2024-03-05T19:30:12,053 [main] INFO  (Driver.java:47) - Starting a headless-firefox browser
2024-03-05T19:30:15,070 [main] INFO  (ConfigurationReader.java:41) - Getting the property key {url} from the property file
2024-03-05T19:30:15,676 [main] INFO  (TC_13_VerifyCheckoutOverview.java:23) - Verifying checkout Information after selecting items from main page
2024-03-05T19:30:15,676 [main] INFO  (TC_13_VerifyCheckoutOverview.java:26) - Verifying checkout information for selected items in the main page 
2024-03-05T19:30:15,676 [main] INFO  (LoginPage.java:89) - Logging to sauce demo using valid credentials
2024-03-05T19:30:15,677 [main] INFO  (ConfigurationReader.java:41) - Getting the property key {validUserName} from the property file
2024-03-05T19:30:15,677 [main] INFO  (LoginPage.java:63) - Entering username {standard_user} into the username field
2024-03-05T19:30:15,843 [main] INFO  (ConfigurationReader.java:41) - Getting the property key {validPassword} from the property file
2024-03-05T19:30:15,844 [main] INFO  (LoginPage.java:72) - Entering password {secret_sauce} into the password field
2024-03-05T19:30:15,896 [main] INFO  (LoginPage.java:81) - Clicking on submit button
2024-03-05T19:30:16,167 [main] INFO  (MainPage.java:139) - Clicking on the Add to Cart for Back Pack
2024-03-05T19:30:16,389 [main] INFO  (MainPage.java:237) - Clicking on the Add to cart for the Bike Light Item
2024-03-05T19:30:16,609 [main] INFO  (MainPage.java:185) - Clicking on the shopping cart icon
2024-03-05T19:30:16,838 [main] INFO  (CartPage.java:128) - Clicking on Checkout Button
2024-03-05T19:30:17,217 [main] INFO  (CheckoutPage.java:86) - Entering Alfredo into the First Name input box
2024-03-05T19:30:17,256 [main] INFO  (CheckoutPage.java:94) - Entering O'Kon into the Last Name input box
2024-03-05T19:30:17,303 [main] INFO  (CheckoutPage.java:102) - Entering 10930 into Zip Code input box
2024-03-05T19:30:17,326 [main] INFO  (CheckoutPage.java:110) - Clicking on Continue button
2024-03-05T19:30:17,549 [main] INFO  (CheckoutOverViewPage.java:39) -  Checking if the payment information label is displayed
2024-03-05T19:30:17,569 [main] INFO  (CheckoutOverViewPage.java:43) -  Checking if the shipping information label is displayed
2024-03-05T19:30:17,589 [main] INFO  (CheckoutOverViewPage.java:48) - Getting the total price of the items from the overview pages
2024-03-05T19:30:17,610 [main] INFO  (TestBase.java:60) - Closing the driver...
2024-03-05T19:30:17,610 [main] INFO  (SeleniumUtils.java:117) - verify_Checkout_Information_For_Selected_Items-------> {1}  <---------
2024-03-05T19:30:17,610 [main] INFO  (Driver.java:67) - Closing the browser
2024-03-05T19:30:18,384 [main] INFO  (TestBase.java:47) - Setting up the driver...
2024-03-05T19:30:18,384 [main] INFO  (Driver.java:26) - Getting a driver instance
2024-03-05T19:30:18,384 [main] INFO  (Driver.java:47) - Starting a headless-firefox browser
2024-03-05T19:30:21,406 [main] INFO  (ConfigurationReader.java:41) - Getting the property key {url} from the property file
2024-03-05T19:30:22,074 [main] INFO  (TC_11_VerifyItemInCart.java:19) - Verifying that adding Sauce Labs Backpack is available in the Cart Page 
2024-03-05T19:30:22,074 [main] INFO  (LoginPage.java:89) - Logging to sauce demo using valid credentials
2024-03-05T19:30:22,075 [main] INFO  (ConfigurationReader.java:41) - Getting the property key {validUserName} from the property file
2024-03-05T19:30:22,075 [main] INFO  (LoginPage.java:63) - Entering username {standard_user} into the username field
2024-03-05T19:30:22,212 [main] INFO  (ConfigurationReader.java:41) - Getting the property key {validPassword} from the property file
2024-03-05T19:30:22,213 [main] INFO  (LoginPage.java:72) - Entering password {secret_sauce} into the password field
2024-03-05T19:30:22,250 [main] INFO  (LoginPage.java:81) - Clicking on submit button
2024-03-05T19:30:22,521 [main] INFO  (MainPage.java:139) - Clicking on the Add to Cart for Back Pack
2024-03-05T19:30:22,743 [main] INFO  (MainPage.java:185) - Clicking on the shopping cart icon
2024-03-05T19:30:22,969 [main] INFO  (CartPage.java:104) - Getting the label of the BackPack item from Cart page
2024-03-05T19:30:22,987 [main] INFO  (CartPage.java:112) - Getting the Description of the BackPack item from Cart page
2024-03-05T19:30:23,004 [main] INFO  (CartPage.java:120) - Getting the Price of the BackPack item from Cart page
2024-03-05T19:30:23,020 [main] INFO  (CartPage.java:104) - Getting the label of the BackPack item from Cart page
2024-03-05T19:30:23,036 [main] INFO  (MainPage.java:212) - Getting the label of the BackPack item from Cart page
2024-03-05T19:30:23,054 [main] INFO  (CartPage.java:112) - Getting the Description of the BackPack item from Cart page
2024-03-05T19:30:23,070 [main] INFO  (MainPage.java:221) - Getting the Description of the BackPack item from Cart page
2024-03-05T19:30:23,087 [main] INFO  (CartPage.java:120) - Getting the Price of the BackPack item from Cart page
2024-03-05T19:30:23,105 [main] INFO  (MainPage.java:229) - Getting the Price of the BackPack item from Cart page
2024-03-05T19:30:23,124 [main] INFO  (TestBase.java:60) - Closing the driver...
2024-03-05T19:30:23,125 [main] INFO  (SeleniumUtils.java:117) - Verify_Item_Is_Added_To_Cart-------> {1}  <---------
2024-03-05T19:30:23,125 [main] INFO  (Driver.java:67) - Closing the browser
2024-03-05T19:30:23,948 [main] INFO  (TestBase.java:47) - Setting up the driver...
2024-03-05T19:30:23,948 [main] INFO  (Driver.java:26) - Getting a driver instance
2024-03-05T19:30:23,949 [main] INFO  (Driver.java:47) - Starting a headless-firefox browser
2024-03-05T19:30:26,798 [main] INFO  (ConfigurationReader.java:41) - Getting the property key {url} from the property file
2024-03-05T19:30:27,418 [main] INFO  (TC_12_VerifyCheckout.java:20) - Verifying checkout page labels
2024-03-05T19:30:27,419 [main] INFO  (LoginPage.java:89) - Logging to sauce demo using valid credentials
2024-03-05T19:30:27,420 [main] INFO  (ConfigurationReader.java:41) - Getting the property key {validUserName} from the property file
2024-03-05T19:30:27,420 [main] INFO  (LoginPage.java:63) - Entering username {standard_user} into the username field
2024-03-05T19:30:27,554 [main] INFO  (ConfigurationReader.java:41) - Getting the property key {validPassword} from the property file
2024-03-05T19:30:27,554 [main] INFO  (LoginPage.java:72) - Entering password {secret_sauce} into the password field
2024-03-05T19:30:27,597 [main] INFO  (LoginPage.java:81) - Clicking on submit button
2024-03-05T19:30:27,880 [main] INFO  (MainPage.java:185) - Clicking on the shopping cart icon
2024-03-05T19:30:28,104 [main] INFO  (CartPage.java:128) - Clicking on Checkout Button
2024-03-05T19:30:28,329 [main] INFO  (CheckoutPage.java:45) - Checking if element is displayed
2024-03-05T19:30:28,349 [main] INFO  (CheckoutPage.java:53) - Checking if element is displayed
2024-03-05T19:30:28,368 [main] INFO  (CheckoutPage.java:61) - Checking if element is displayed
2024-03-05T19:30:28,385 [main] INFO  (CheckoutPage.java:69) - Checking if element is displayed
2024-03-05T19:30:28,403 [main] INFO  (CheckoutPage.java:77) - Checking if element is displayed
2024-03-05T19:30:28,421 [main] INFO  (TestBase.java:60) - Closing the driver...
2024-03-05T19:30:28,422 [main] INFO  (SeleniumUtils.java:117) - verify_CheckoutPage_Labels-------> {1}  <---------
2024-03-05T19:30:28,422 [main] INFO  (Driver.java:67) - Closing the browser
2024-03-05T19:30:29,224 [main] INFO  (TestBase.java:47) - Setting up the driver...
2024-03-05T19:30:29,225 [main] INFO  (Driver.java:26) - Getting a driver instance
2024-03-05T19:30:29,225 [main] INFO  (Driver.java:47) - Starting a headless-firefox browser
2024-03-05T19:30:32,028 [main] INFO  (ConfigurationReader.java:41) - Getting the property key {url} from the property file
2024-03-05T19:30:32,626 [main] INFO  (TC_01_VerifyLoginWithValidUserNameAndPassword.java:21) -  Verify Login with Valid UserName and Password
2024-03-05T19:30:32,627 [main] INFO  (LoginPage.java:63) - Entering username {standard_user} into the username field
2024-03-05T19:30:32,758 [main] INFO  (LoginPage.java:72) - Entering password {secret_sauce} into the password field
2024-03-05T19:30:32,805 [main] INFO  (LoginPage.java:81) - Clicking on submit button
2024-03-05T19:30:33,080 [main] INFO  (MainPage.java:92) - Checking if the Main Logo Label is displayed or not
2024-03-05T19:30:33,100 [main] INFO  (MainPage.java:102) - Getting the href from the Twitter Logo
2024-03-05T19:30:33,125 [main] INFO  (MainPage.java:110) - Getting the href from the Facebook Logo
2024-03-05T19:30:33,139 [main] INFO  (MainPage.java:118) - Getting the href from the LinkedIn Logo
2024-03-05T19:30:33,155 [main] INFO  (TestBase.java:60) - Closing the driver...
2024-03-05T19:30:33,155 [main] INFO  (SeleniumUtils.java:117) - verify_Login_With_Valid_User_Name_And_Password-------> {1}  <---------
2024-03-05T19:30:33,155 [main] INFO  (Driver.java:67) - Closing the browser
2024-03-05T19:30:33,947 [main] INFO  (TestBase.java:47) - Setting up the driver...
2024-03-05T19:30:33,947 [main] INFO  (Driver.java:26) - Getting a driver instance
2024-03-05T19:30:33,947 [main] INFO  (Driver.java:47) - Starting a headless-firefox browser
2024-03-05T19:30:36,844 [main] INFO  (ConfigurationReader.java:41) - Getting the property key {url} from the property file
2024-03-05T19:30:37,453 [main] INFO  (TC_06_VerifyListOfItemsInTheSauceDemoStore.java:26) - Verify list of items in the sauce demo store
2024-03-05T19:30:37,454 [main] INFO  (LoginPage.java:63) - Entering username {standard_user} into the username field
2024-03-05T19:30:37,595 [main] INFO  (LoginPage.java:72) - Entering password {secret_sauce} into the password field
2024-03-05T19:30:37,640 [main] INFO  (LoginPage.java:81) - Clicking on submit button
2024-03-05T19:30:37,915 [main] INFO  (MainPage.java:126) - Getting the inventory items from main page
2024-03-05T19:30:37,936 [main] INFO  (MainPage.java:129) - Items are: {Sauce Labs Backpack} 
2024-03-05T19:30:37,964 [main] INFO  (MainPage.java:129) - Items are: {Sauce Labs Bike Light} 
2024-03-05T19:30:37,986 [main] INFO  (MainPage.java:129) - Items are: {Sauce Labs Bolt T-Shirt} 
2024-03-05T19:30:38,010 [main] INFO  (MainPage.java:129) - Items are: {Sauce Labs Fleece Jacket} 
2024-03-05T19:30:38,030 [main] INFO  (MainPage.java:129) - Items are: {Sauce Labs Onesie} 
2024-03-05T19:30:38,054 [main] INFO  (MainPage.java:129) - Items are: {Test.allTheThings() T-Shirt (Red)} 
2024-03-05T19:30:38,073 [main] INFO  (TestBase.java:60) - Closing the driver...
2024-03-05T19:30:38,074 [main] INFO  (SeleniumUtils.java:117) - verify_List_Of_Items_In_The_SauceDemo_Store-------> {1}  <---------
2024-03-05T19:30:38,074 [main] INFO  (Driver.java:67) - Closing the browser
