2024-03-02T00:20:59,222 [main] INFO  (TestBase.java:25) - Setting up the driver...
2024-03-02T00:20:59,226 [main] INFO  (ConfigurationReader.java:18) - Loading the property file ....
2024-03-02T00:21:49,913 [main] INFO  (TestBase.java:25) - Setting up the driver...
2024-03-02T00:21:49,916 [main] INFO  (ConfigurationReader.java:18) - Loading the property file ....
2024-03-02T00:22:07,742 [main] INFO  (TestBase.java:25) - Setting up the driver...
2024-03-02T00:22:07,748 [main] INFO  (ConfigurationReader.java:18) - Loading the property file ....
2024-03-02T00:22:35,358 [main] INFO  (TestBase.java:25) - Setting up the driver...
2024-03-02T00:22:35,363 [main] INFO  (ConfigurationReader.java:18) - Loading the property file ....
2024-03-02T00:24:00,942 [main] INFO  (TestBase.java:25) - Setting up the driver...
2024-03-02T00:24:00,948 [main] INFO  (ConfigurationReader.java:18) - Loading the property file ....
2024-03-02T00:24:39,302 [main] INFO  (TestBase.java:25) - Setting up the driver...
2024-03-02T00:24:39,307 [main] INFO  (ConfigurationReader.java:18) - Loading the property file ....
2024-03-02T00:24:41,730 [main] INFO  (TestBase.java:25) - Setting up the driver...
2024-03-02T00:24:41,735 [main] INFO  (ConfigurationReader.java:18) - Loading the property file ....
2024-03-02T00:25:58,191 [main] INFO  (TestBase.java:24) - Setting up the driver...
2024-03-02T00:25:58,194 [main] INFO  (ConfigurationReader.java:18) - Loading the property file ....
2024-03-02T00:26:07,627 [main] INFO  (TestBase.java:24) - Setting up the driver...
2024-03-02T00:26:07,631 [main] INFO  (ConfigurationReader.java:18) - Loading the property file ....
2024-03-02T00:26:34,880 [main] INFO  (TestBase.java:24) - Setting up the driver...
2024-03-02T00:26:34,884 [main] INFO  (ConfigurationReader.java:18) - Loading the property file ....
2024-03-02T00:26:56,683 [main] INFO  (TestBase.java:24) - Setting up the driver...
2024-03-02T00:26:56,688 [main] INFO  (ConfigurationReader.java:18) - Loading the property file ....
2024-03-02T00:27:03,519 [main] INFO  (TestBase.java:24) - Setting up the driver...
2024-03-02T00:27:03,524 [main] INFO  (ConfigurationReader.java:18) - Loading the property file ....
2024-03-02T00:29:41,669 [main] INFO  (TestBase.java:24) - Setting up the driver...
2024-03-02T00:29:41,673 [main] INFO  (ConfigurationReader.java:18) - Loading the property file ....
2024-03-02T00:30:52,591 [main] INFO  (TestBase.java:24) - Setting up the driver...
2024-03-02T00:30:52,595 [main] INFO  (ConfigurationReader.java:18) - Loading the property file ....
2024-03-02T00:40:33,846 [main] INFO  (TestBase.java:24) - Setting up the driver...
2024-03-02T00:40:33,851 [main] INFO  (ConfigurationReader.java:18) - Loading the property file ....
2024-03-02T01:36:01,482 [main] INFO  (TestBase.java:24) - Setting up the driver...
2024-03-02T01:36:01,487 [main] INFO  (ConfigurationReader.java:18) - Loading the property file ....
2024-03-02T01:36:23,157 [main] INFO  (TestBase.java:24) - Setting up the driver...
2024-03-02T01:36:23,162 [main] INFO  (ConfigurationReader.java:18) - Loading the property file ....
2024-03-02T01:36:47,480 [main] INFO  (TestBase.java:24) - Setting up the driver...
2024-03-02T01:36:47,484 [main] INFO  (ConfigurationReader.java:18) - Loading the property file ....
2024-03-02T01:37:09,954 [main] INFO  (TestBase.java:24) - Setting up the driver...
2024-03-02T01:37:09,959 [main] INFO  (ConfigurationReader.java:18) - Loading the property file ....
2024-03-02T01:37:29,665 [main] INFO  (TestBase.java:24) - Setting up the driver...
2024-03-02T01:37:29,670 [main] INFO  (ConfigurationReader.java:18) - Loading the property file ....
2024-03-02T01:39:38,786 [main] INFO  (TestBase.java:24) - Setting up the driver...
2024-03-02T01:39:38,792 [main] INFO  (ConfigurationReader.java:18) - Loading the property file ....
2024-03-02T01:48:41,868 [main] INFO  (TestBase.java:24) - Setting up the driver...
2024-03-02T01:48:41,875 [main] INFO  (ConfigurationReader.java:18) - Loading the property file ....
2024-03-02T02:23:00,680 [main] INFO  (Logger.java:112) - [TestNG] Running:
  /Users/majdeddinemejbri/Library/Caches/JetBrains/IdeaIC2023.3/temp-testng-customsuite.xml

2024-03-02T02:23:00,753 [main] INFO  (TestBase.java:24) - Setting up the driver...
2024-03-02T02:23:00,754 [main] INFO  (ConfigurationReader.java:18) - Loading the property file ....
2024-03-02T02:23:19,635 [main] INFO  (Logger.java:112) - [TestNG] Running:
  /Users/majdeddinemejbri/Library/Caches/JetBrains/IdeaIC2023.3/temp-testng-customsuite.xml

2024-03-02T02:23:19,708 [main] INFO  (TestBase.java:24) - Setting up the driver...
2024-03-02T02:23:19,710 [main] INFO  (ConfigurationReader.java:18) - Loading the property file ....
2024-03-02T02:23:24,578 [main] INFO  (Logger.java:112) - [TestNG] Running:
  /Users/majdeddinemejbri/Library/Caches/JetBrains/IdeaIC2023.3/temp-testng-customsuite.xml

2024-03-02T02:23:24,702 [main] INFO  (TestBase.java:24) - Setting up the driver...
2024-03-02T02:23:24,704 [main] INFO  (ConfigurationReader.java:18) - Loading the property file ....
2024-03-02T02:23:26,851 [main] INFO  (Logger.java:112) - [TestNG] Running:
  /Users/majdeddinemejbri/Library/Caches/JetBrains/IdeaIC2023.3/temp-testng-customsuite.xml

2024-03-02T02:23:26,931 [main] INFO  (TestBase.java:24) - Setting up the driver...
2024-03-02T02:23:26,932 [main] INFO  (ConfigurationReader.java:18) - Loading the property file ....
2024-03-02T02:23:41,080 [main] INFO  (Logger.java:112) - [TestNG] Running:
  /Users/majdeddinemejbri/Library/Caches/JetBrains/IdeaIC2023.3/temp-testng-customsuite.xml

2024-03-02T02:23:41,158 [main] INFO  (TestBase.java:24) - Setting up the driver...
2024-03-02T02:23:41,159 [main] INFO  (ConfigurationReader.java:18) - Loading the property file ....
2024-03-02T02:23:53,980 [main] INFO  (Logger.java:112) - [TestNG] Running:
  /Users/majdeddinemejbri/Library/Caches/JetBrains/IdeaIC2023.3/temp-testng-customsuite.xml

2024-03-02T02:23:54,054 [main] INFO  (TestBase.java:24) - Setting up the driver...
2024-03-02T02:23:54,055 [main] INFO  (ConfigurationReader.java:18) - Loading the property file ....
2024-03-02T02:29:23,658 [main] INFO  (Logger.java:112) - [TestNG] Running:
  /Users/majdeddinemejbri/Library/Caches/JetBrains/IdeaIC2023.3/temp-testng-customsuite.xml

2024-03-02T02:29:23,731 [main] INFO  (TestBase.java:24) - Setting up the driver...
2024-03-02T02:29:23,732 [main] INFO  (ConfigurationReader.java:18) - Loading the property file ....
2024-03-02T02:52:37,171 [main] INFO  (Logger.java:112) - [TestNG] Running:
  /Users/majdeddinemejbri/Library/Caches/JetBrains/IdeaIC2023.3/temp-testng-customsuite.xml

2024-03-02T02:52:37,238 [main] INFO  (TestBase.java:24) - Setting up the driver...
2024-03-02T02:52:37,239 [main] INFO  (ConfigurationReader.java:18) - Loading the property file ....
2024-03-02T02:53:18,426 [main] INFO  (Logger.java:112) - [TestNG] Running:
  /Users/majdeddinemejbri/Library/Caches/JetBrains/IdeaIC2023.3/temp-testng-customsuite.xml

2024-03-02T02:53:18,497 [main] INFO  (TestBase.java:24) - Setting up the driver...
2024-03-02T02:53:18,498 [main] INFO  (ConfigurationReader.java:18) - Loading the property file ....
2024-03-02T02:59:07,703 [main] INFO  (Logger.java:112) - [TestNG] Running:
  /Users/majdeddinemejbri/Library/Caches/JetBrains/IdeaIC2023.3/temp-testng-customsuite.xml

2024-03-02T02:59:07,761 [main] INFO  (TestBase.java:24) - Setting up the driver...
2024-03-02T02:59:07,761 [main] INFO  (ConfigurationReader.java:18) - Loading the property file ....
2024-03-02T03:02:17,944 [main] INFO  (Logger.java:112) - [TestNG] Running:
  /Users/majdeddinemejbri/Library/Caches/JetBrains/IdeaIC2023.3/temp-testng-customsuite.xml

2024-03-02T03:02:18,032 [main] INFO  (TestBase.java:24) - Setting up the driver...
2024-03-02T03:02:18,033 [main] INFO  (ConfigurationReader.java:18) - Loading the property file ....
2024-03-02T03:04:50,696 [main] INFO  (Logger.java:112) - [TestNG] Running:
  /Users/majdeddinemejbri/Library/Caches/JetBrains/IdeaIC2023.3/temp-testng-customsuite.xml

2024-03-02T03:04:50,766 [main] INFO  (TestBase.java:24) - Setting up the driver...
2024-03-02T03:04:50,767 [main] INFO  (ConfigurationReader.java:17) - Loading the property file ....
2024-03-02T03:10:19,330 [main] INFO  (Logger.java:112) - [TestNG] Running:
  /Users/majdeddinemejbri/Library/Caches/JetBrains/IdeaIC2023.3/temp-testng-customsuite.xml

2024-03-02T03:10:19,399 [main] INFO  (TestBase.java:24) - Setting up the driver...
2024-03-02T03:10:19,400 [main] INFO  (ConfigurationReader.java:19) - Loading the property file...
2024-03-02T03:10:19,402 [main] INFO  (ConfigurationReader.java:41) - Getting the property key {browserType} from the property file
2024-03-02T03:10:19,404 [main] INFO  (Driver.java:20) - Getting a driver instance
2024-03-02T03:10:19,405 [main] INFO  (Driver.java:35) - Starting a Chrome browser
2024-03-02T03:10:20,583 [main] INFO  (WebDriverManager.java:1217) - Using chromedriver 122.0.6261.94 (resolved driver for Chrome 122)
2024-03-02T03:10:20,738 [main] INFO  (Downloader.java:132) - Downloading https://storage.googleapis.com/chrome-for-testing-public/122.0.6261.94/mac-x64/chromedriver-mac-x64.zip
2024-03-02T03:10:21,482 [main] INFO  (Downloader.java:193) - Extracting driver from compressed file chromedriver-mac-x64.zip
2024-03-02T03:10:21,672 [main] INFO  (WebDriverManager.java:1270) - Exporting webdriver.chrome.driver as /Users/majdeddinemejbri/.cache/selenium/chromedriver/mac64/122.0.6261.94/chromedriver
2024-03-02T03:10:24,985 [main] INFO  (ConfigurationReader.java:41) - Getting the property key {url} from the property file
2024-03-02T03:10:25,622 [main] INFO  (TC_02_VerifyLoginWithInValidUserNameAndPassword.java:13) - Verify login with Invalid username and password test case
2024-03-02T03:10:25,625 [main] INFO  (LoginPage.java:42) - Entering username {locked_out_user} into the username field
2024-03-02T03:10:25,693 [main] INFO  (TestBase.java:34) - Closing the driver...
2024-03-02T03:10:25,693 [main] INFO  (Driver.java:49) - Closing the browser
2024-03-02T03:10:49,451 [main] INFO  (Logger.java:112) - [TestNG] Running:
  /Users/majdeddinemejbri/Library/Caches/JetBrains/IdeaIC2023.3/temp-testng-customsuite.xml

2024-03-02T03:10:49,530 [main] INFO  (TestBase.java:24) - Setting up the driver...
2024-03-02T03:10:49,530 [main] INFO  (ConfigurationReader.java:19) - Loading the property file...
2024-03-02T03:10:49,532 [main] INFO  (ConfigurationReader.java:41) - Getting the property key {browserType} from the property file
2024-03-02T03:10:49,534 [main] INFO  (Driver.java:20) - Getting a driver instance
2024-03-02T03:10:49,534 [main] INFO  (Driver.java:35) - Starting a Chrome browser
2024-03-02T03:10:49,947 [main] INFO  (WebDriverManager.java:1217) - Using chromedriver 122.0.6261.94 (resolved driver for Chrome 122)
2024-03-02T03:10:49,964 [main] INFO  (WebDriverManager.java:1270) - Exporting webdriver.chrome.driver as /Users/majdeddinemejbri/.cache/selenium/chromedriver/mac64/122.0.6261.94/chromedriver
2024-03-02T03:10:52,403 [main] INFO  (ConfigurationReader.java:41) - Getting the property key {url} from the property file
2024-03-02T03:10:52,976 [main] INFO  (LoginPage.java:42) - Entering username {standard_user} into the username field
2024-03-02T03:10:53,044 [main] INFO  (TestBase.java:34) - Closing the driver...
2024-03-02T03:10:53,044 [main] INFO  (Driver.java:49) - Closing the browser
2024-03-02T03:11:19,866 [main] INFO  (Logger.java:112) - [TestNG] Running:
  /Users/majdeddinemejbri/Library/Caches/JetBrains/IdeaIC2023.3/temp-testng-customsuite.xml

2024-03-02T03:11:19,937 [main] INFO  (TestBase.java:24) - Setting up the driver...
2024-03-02T03:11:19,937 [main] INFO  (ConfigurationReader.java:19) - Loading the property file...
2024-03-02T03:11:19,938 [main] INFO  (ConfigurationReader.java:41) - Getting the property key {browserType} from the property file
2024-03-02T03:11:19,940 [main] INFO  (Driver.java:20) - Getting a driver instance
2024-03-02T03:11:19,941 [main] INFO  (Driver.java:35) - Starting a Chrome browser
2024-03-02T03:11:20,377 [main] INFO  (WebDriverManager.java:1217) - Using chromedriver 122.0.6261.94 (resolved driver for Chrome 122)
2024-03-02T03:11:20,404 [main] INFO  (WebDriverManager.java:1270) - Exporting webdriver.chrome.driver as /Users/majdeddinemejbri/.cache/selenium/chromedriver/mac64/122.0.6261.94/chromedriver
2024-03-02T03:11:23,044 [main] INFO  (ConfigurationReader.java:41) - Getting the property key {url} from the property file
2024-03-02T03:11:23,539 [main] INFO  (LoginPage.java:42) - Entering username {standard_user} into the username field
2024-03-02T03:11:23,609 [main] INFO  (TestBase.java:34) - Closing the driver...
2024-03-02T03:11:23,610 [main] INFO  (Driver.java:49) - Closing the browser
2024-03-02T03:12:07,361 [main] INFO  (Logger.java:112) - [TestNG] Running:
  /Users/majdeddinemejbri/Library/Caches/JetBrains/IdeaIC2023.3/temp-testng-customsuite.xml

2024-03-02T03:12:07,448 [main] INFO  (TestBase.java:24) - Setting up the driver...
2024-03-02T03:12:07,449 [main] INFO  (ConfigurationReader.java:19) - Loading the property file...
2024-03-02T03:12:07,451 [main] INFO  (ConfigurationReader.java:41) - Getting the property key {browserType} from the property file
2024-03-02T03:12:07,453 [main] INFO  (Driver.java:20) - Getting a driver instance
2024-03-02T03:12:07,453 [main] INFO  (Driver.java:35) - Starting a Chrome browser
2024-03-02T03:12:07,889 [main] INFO  (WebDriverManager.java:1217) - Using chromedriver 122.0.6261.94 (resolved driver for Chrome 122)
2024-03-02T03:12:07,923 [main] INFO  (WebDriverManager.java:1270) - Exporting webdriver.chrome.driver as /Users/majdeddinemejbri/.cache/selenium/chromedriver/mac64/122.0.6261.94/chromedriver
2024-03-02T03:12:10,394 [main] INFO  (ConfigurationReader.java:41) - Getting the property key {url} from the property file
2024-03-02T03:12:10,851 [main] INFO  (LoginPage.java:42) - Entering username {standard_user} into the username field
2024-03-02T03:12:10,916 [main] INFO  (TestBase.java:34) - Closing the driver...
2024-03-02T03:12:10,919 [main] INFO  (Driver.java:49) - Closing the browser
2024-03-02T03:12:30,219 [main] INFO  (Logger.java:112) - [TestNG] Running:
  /Users/majdeddinemejbri/Library/Caches/JetBrains/IdeaIC2023.3/temp-testng-customsuite.xml

2024-03-02T03:12:30,300 [main] INFO  (TestBase.java:24) - Setting up the driver...
2024-03-02T03:12:30,301 [main] INFO  (ConfigurationReader.java:19) - Loading the property file...
2024-03-02T03:12:30,302 [main] INFO  (ConfigurationReader.java:41) - Getting the property key {browserType} from the property file
2024-03-02T03:12:30,303 [main] INFO  (Driver.java:20) - Getting a driver instance
2024-03-02T03:12:30,304 [main] INFO  (Driver.java:35) - Starting a Chrome browser
2024-03-02T03:12:30,780 [main] INFO  (WebDriverManager.java:1217) - Using chromedriver 122.0.6261.94 (resolved driver for Chrome 122)
2024-03-02T03:12:30,800 [main] INFO  (WebDriverManager.java:1270) - Exporting webdriver.chrome.driver as /Users/majdeddinemejbri/.cache/selenium/chromedriver/mac64/122.0.6261.94/chromedriver
2024-03-02T03:12:33,537 [main] INFO  (ConfigurationReader.java:41) - Getting the property key {url} from the property file
2024-03-02T03:12:34,096 [main] INFO  (LoginPage.java:42) - Entering username {standard_user} into the username field
2024-03-02T03:12:34,173 [main] INFO  (TestBase.java:34) - Closing the driver...
2024-03-02T03:12:34,173 [main] INFO  (Driver.java:49) - Closing the browser
2024-03-02T03:15:23,178 [main] INFO  (Logger.java:112) - [TestNG] Running:
  /Users/majdeddinemejbri/Library/Caches/JetBrains/IdeaIC2023.3/temp-testng-customsuite.xml

2024-03-02T03:15:23,244 [main] INFO  (TestBase.java:23) - Setting up the driver...
2024-03-02T03:15:23,245 [main] INFO  (ConfigurationReader.java:19) - Loading the property file...
2024-03-02T03:15:23,246 [main] INFO  (ConfigurationReader.java:41) - Getting the property key {browserType} from the property file
2024-03-02T03:15:23,248 [main] INFO  (Driver.java:18) - Getting a driver instance
2024-03-02T03:15:23,248 [main] INFO  (Driver.java:33) - Starting a Chrome browser
2024-03-02T03:15:23,649 [main] INFO  (WebDriverManager.java:1217) - Using chromedriver 122.0.6261.94 (resolved driver for Chrome 122)
2024-03-02T03:15:23,676 [main] INFO  (WebDriverManager.java:1270) - Exporting webdriver.chrome.driver as /Users/majdeddinemejbri/.cache/selenium/chromedriver/mac64/122.0.6261.94/chromedriver
2024-03-02T03:15:26,133 [main] INFO  (ConfigurationReader.java:41) - Getting the property key {url} from the property file
2024-03-02T03:15:26,663 [main] INFO  (LoginPage.java:42) - Entering username {standard_user} into the username field
2024-03-02T03:15:26,734 [main] INFO  (TestBase.java:33) - Closing the driver...
2024-03-02T03:15:26,734 [main] INFO  (Driver.java:47) - Closing the browser
2024-03-02T03:15:26,873 [main] INFO  (TestBase.java:23) - Setting up the driver...
2024-03-02T03:15:26,873 [main] INFO  (ConfigurationReader.java:41) - Getting the property key {browserType} from the property file
2024-03-02T03:15:26,874 [main] INFO  (Driver.java:18) - Getting a driver instance
2024-03-02T03:15:26,874 [main] INFO  (Driver.java:33) - Starting a Chrome browser
2024-03-02T03:15:26,890 [main] INFO  (WebDriverManager.java:1217) - Using chromedriver 122.0.6261.94 (resolved driver for Chrome 122)
2024-03-02T03:15:26,899 [main] INFO  (WebDriverManager.java:1270) - Exporting webdriver.chrome.driver as /Users/majdeddinemejbri/.cache/selenium/chromedriver/mac64/122.0.6261.94/chromedriver
2024-03-02T03:15:28,809 [main] INFO  (ConfigurationReader.java:41) - Getting the property key {url} from the property file
2024-03-02T03:15:28,907 [main] INFO  (TC_02_VerifyLoginWithInValidUserNameAndPassword.java:13) - Verify login with Invalid username and password test case
2024-03-02T03:15:28,907 [main] INFO  (LoginPage.java:42) - Entering username {locked_out_user} into the username field
2024-03-02T03:15:29,250 [main] INFO  (TestBase.java:33) - Closing the driver...
2024-03-02T03:15:29,251 [main] INFO  (Driver.java:47) - Closing the browser
2024-03-02T03:17:19,919 [main] INFO  (Logger.java:112) - [TestNG] Running:
  /Users/majdeddinemejbri/Library/Caches/JetBrains/IdeaIC2023.3/temp-testng-customsuite.xml

2024-03-02T03:17:19,991 [main] INFO  (TestBase.java:23) - Setting up the driver...
2024-03-02T03:17:19,992 [main] INFO  (ConfigurationReader.java:19) - Loading the property file...
2024-03-02T03:17:19,993 [main] INFO  (ConfigurationReader.java:41) - Getting the property key {browserType} from the property file
2024-03-02T03:17:19,995 [main] INFO  (Driver.java:18) - Getting a driver instance
2024-03-02T03:17:19,995 [main] INFO  (Driver.java:33) - Starting a Chrome browser
2024-03-02T03:17:20,393 [main] INFO  (WebDriverManager.java:1217) - Using chromedriver 122.0.6261.94 (resolved driver for Chrome 122)
2024-03-02T03:17:20,416 [main] INFO  (WebDriverManager.java:1270) - Exporting webdriver.chrome.driver as /Users/majdeddinemejbri/.cache/selenium/chromedriver/mac64/122.0.6261.94/chromedriver
2024-03-02T03:17:22,860 [main] INFO  (ConfigurationReader.java:41) - Getting the property key {url} from the property file
2024-03-02T03:17:23,300 [main] INFO  (LoginPage.java:42) - Entering username {standard_user} into the username field
2024-03-02T03:17:23,355 [main] INFO  (TestBase.java:33) - Closing the driver...
2024-03-02T03:17:23,355 [main] INFO  (Driver.java:47) - Closing the browser
2024-03-02T03:19:30,004 [main] INFO  (Logger.java:112) - [TestNG] Running:
  /Users/majdeddinemejbri/Library/Caches/JetBrains/IdeaIC2023.3/temp-testng-customsuite.xml

2024-03-02T03:19:30,088 [main] INFO  (TestBase.java:23) - Setting up the driver...
2024-03-02T03:19:30,089 [main] INFO  (ConfigurationReader.java:19) - Loading the property file...
2024-03-02T03:19:30,090 [main] INFO  (ConfigurationReader.java:41) - Getting the property key {browserType} from the property file
2024-03-02T03:19:30,092 [main] INFO  (Driver.java:18) - Getting a driver instance
2024-03-02T03:19:30,093 [main] INFO  (Driver.java:33) - Starting a Chrome browser
2024-03-02T03:19:30,566 [main] INFO  (WebDriverManager.java:1217) - Using chromedriver 122.0.6261.94 (resolved driver for Chrome 122)
2024-03-02T03:19:30,581 [main] INFO  (WebDriverManager.java:1270) - Exporting webdriver.chrome.driver as /Users/majdeddinemejbri/.cache/selenium/chromedriver/mac64/122.0.6261.94/chromedriver
2024-03-02T03:19:33,102 [main] INFO  (ConfigurationReader.java:41) - Getting the property key {url} from the property file
2024-03-02T03:19:33,636 [main] INFO  (LoginPage.java:42) - Entering username {standard_user} into the username field
2024-03-02T03:19:33,692 [main] INFO  (TestBase.java:33) - Closing the driver...
2024-03-02T03:19:33,692 [main] INFO  (Driver.java:47) - Closing the browser
2024-03-02T03:23:38,657 [main] INFO  (Logger.java:112) - [TestNG] Running:
  /Users/majdeddinemejbri/Library/Caches/JetBrains/IdeaIC2023.3/temp-testng-customsuite.xml

2024-03-02T03:23:38,733 [main] INFO  (TestBase.java:23) - Setting up the driver...
2024-03-02T03:23:38,734 [main] INFO  (ConfigurationReader.java:19) - Loading the property file...
2024-03-02T03:23:38,735 [main] INFO  (ConfigurationReader.java:41) - Getting the property key {browserType} from the property file
2024-03-02T03:23:38,737 [main] INFO  (Driver.java:18) - Getting a driver instance
2024-03-02T03:23:38,737 [main] INFO  (Driver.java:33) - Starting a Chrome browser
2024-03-02T03:23:39,149 [main] INFO  (WebDriverManager.java:1217) - Using chromedriver 122.0.6261.94 (resolved driver for Chrome 122)
2024-03-02T03:23:39,186 [main] INFO  (WebDriverManager.java:1270) - Exporting webdriver.chrome.driver as /Users/majdeddinemejbri/.cache/selenium/chromedriver/mac64/122.0.6261.94/chromedriver
2024-03-02T03:23:41,639 [main] INFO  (ConfigurationReader.java:41) - Getting the property key {url} from the property file
2024-03-02T03:23:42,057 [main] INFO  (LoginPage.java:57) - Entering username {standard_user} into the username field
2024-03-02T03:23:42,348 [main] INFO  (LoginPage.java:66) - Entering password {secret_sauce} into the password field
2024-03-02T03:23:42,440 [main] INFO  (LoginPage.java:75) - Clicking on submit button
2024-03-02T03:23:42,575 [main] INFO  (MainPage.java:83) - Checking if the Main Logo Label is displayed or not
2024-03-02T03:23:42,643 [main] INFO  (MainPage.java:93) - Getting the href from the Twitter Logo
2024-03-02T03:23:42,686 [main] INFO  (MainPage.java:101) - Getting the href from the Facebook Logo
2024-03-02T03:23:42,720 [main] INFO  (MainPage.java:109) - Getting the href from the LinkedIn Logo
2024-03-02T03:23:42,753 [main] INFO  (TestBase.java:33) - Closing the driver...
2024-03-02T03:23:42,753 [main] INFO  (Driver.java:47) - Closing the browser
2024-03-02T03:24:00,984 [main] INFO  (Logger.java:112) - [TestNG] Running:
  /Users/majdeddinemejbri/Library/Caches/JetBrains/IdeaIC2023.3/temp-testng-customsuite.xml

2024-03-02T03:24:01,069 [main] INFO  (TestBase.java:23) - Setting up the driver...
2024-03-02T03:24:01,070 [main] INFO  (ConfigurationReader.java:19) - Loading the property file...
2024-03-02T03:24:01,072 [main] INFO  (ConfigurationReader.java:41) - Getting the property key {browserType} from the property file
2024-03-02T03:24:01,073 [main] INFO  (Driver.java:18) - Getting a driver instance
2024-03-02T03:24:01,074 [main] INFO  (Driver.java:33) - Starting a Chrome browser
2024-03-02T03:24:01,488 [main] INFO  (WebDriverManager.java:1217) - Using chromedriver 122.0.6261.94 (resolved driver for Chrome 122)
2024-03-02T03:24:01,525 [main] INFO  (WebDriverManager.java:1270) - Exporting webdriver.chrome.driver as /Users/majdeddinemejbri/.cache/selenium/chromedriver/mac64/122.0.6261.94/chromedriver
2024-03-02T03:24:03,944 [main] INFO  (ConfigurationReader.java:41) - Getting the property key {url} from the property file
2024-03-02T03:24:04,417 [main] INFO  (LoginPage.java:57) - Entering username {standard_user} into the username field
2024-03-02T03:24:04,677 [main] INFO  (LoginPage.java:66) - Entering password {secret_sauce} into the password field
2024-03-02T03:24:04,776 [main] INFO  (LoginPage.java:75) - Clicking on submit button
2024-03-02T03:24:04,916 [main] INFO  (MainPage.java:83) - Checking if the Main Logo Label is displayed or not
2024-03-02T03:24:04,967 [main] INFO  (MainPage.java:93) - Getting the href from the Twitter Logo
2024-03-02T03:24:05,009 [main] INFO  (MainPage.java:101) - Getting the href from the Facebook Logo
2024-03-02T03:24:05,041 [main] INFO  (MainPage.java:109) - Getting the href from the LinkedIn Logo
2024-03-02T03:24:05,075 [main] INFO  (TestBase.java:33) - Closing the driver...
2024-03-02T03:24:05,076 [main] INFO  (Driver.java:47) - Closing the browser
2024-03-02T03:24:05,217 [main] INFO  (TestBase.java:23) - Setting up the driver...
2024-03-02T03:24:05,217 [main] INFO  (ConfigurationReader.java:41) - Getting the property key {browserType} from the property file
2024-03-02T03:24:05,218 [main] INFO  (Driver.java:18) - Getting a driver instance
2024-03-02T03:24:05,218 [main] INFO  (Driver.java:33) - Starting a Chrome browser
2024-03-02T03:24:05,240 [main] INFO  (WebDriverManager.java:1217) - Using chromedriver 122.0.6261.94 (resolved driver for Chrome 122)
2024-03-02T03:24:05,249 [main] INFO  (WebDriverManager.java:1270) - Exporting webdriver.chrome.driver as /Users/majdeddinemejbri/.cache/selenium/chromedriver/mac64/122.0.6261.94/chromedriver
2024-03-02T03:24:07,106 [main] INFO  (ConfigurationReader.java:41) - Getting the property key {url} from the property file
2024-03-02T03:24:07,531 [main] INFO  (TC_02_VerifyLoginWithInValidUserNameAndPassword.java:13) - Verify login with Invalid username and password test case
2024-03-02T03:24:07,533 [main] INFO  (LoginPage.java:57) - Entering username {locked_out_user} into the username field
2024-03-02T03:24:07,779 [main] INFO  (LoginPage.java:66) - Entering password {secret_sauce} into the password field
2024-03-02T03:24:07,881 [main] INFO  (LoginPage.java:75) - Clicking on submit button
2024-03-02T03:24:07,991 [main] INFO  (LoginPage.java:85) - Getting the Locked out user message from the login page
2024-03-02T03:24:08,023 [main] INFO  (TestBase.java:33) - Closing the driver...
2024-03-02T03:24:08,024 [main] INFO  (Driver.java:47) - Closing the browser
2024-03-02T03:31:06,222 [main] INFO  (Logger.java:112) - [TestNG] Running:
  /Users/majdeddinemejbri/Library/Caches/JetBrains/IdeaIC2023.3/temp-testng-customsuite.xml

2024-03-02T03:31:06,322 [main] INFO  (TestBase.java:23) - Setting up the driver...
2024-03-02T03:31:06,323 [main] INFO  (ConfigurationReader.java:19) - Loading the property file...
2024-03-02T03:31:06,324 [main] INFO  (ConfigurationReader.java:41) - Getting the property key {browserType} from the property file
2024-03-02T03:31:06,326 [main] INFO  (Driver.java:18) - Getting a driver instance
2024-03-02T03:31:06,326 [main] INFO  (Driver.java:33) - Starting a Chrome browser
2024-03-02T03:31:06,737 [main] INFO  (WebDriverManager.java:1217) - Using chromedriver 122.0.6261.94 (resolved driver for Chrome 122)
2024-03-02T03:31:06,756 [main] INFO  (WebDriverManager.java:1270) - Exporting webdriver.chrome.driver as /Users/majdeddinemejbri/.cache/selenium/chromedriver/mac64/122.0.6261.94/chromedriver
2024-03-02T03:31:09,216 [main] INFO  (ConfigurationReader.java:41) - Getting the property key {url} from the property file
2024-03-02T03:31:09,650 [main] INFO  (LoginPage.java:95) - Getting the list of the valid usernames
2024-03-02T03:31:09,696 [main] INFO  (TestBase.java:33) - Closing the driver...
2024-03-02T03:31:09,698 [main] INFO  (Driver.java:47) - Closing the browser
2024-03-02T03:33:37,004 [main] INFO  (Logger.java:112) - [TestNG] Running:
  /Users/majdeddinemejbri/Library/Caches/JetBrains/IdeaIC2023.3/temp-testng-customsuite.xml

2024-03-02T03:33:37,076 [main] INFO  (TestBase.java:23) - Setting up the driver...
2024-03-02T03:33:37,078 [main] INFO  (ConfigurationReader.java:19) - Loading the property file...
2024-03-02T03:33:37,079 [main] INFO  (ConfigurationReader.java:41) - Getting the property key {browserType} from the property file
2024-03-02T03:33:37,082 [main] INFO  (Driver.java:18) - Getting a driver instance
2024-03-02T03:33:37,082 [main] INFO  (Driver.java:33) - Starting a Chrome browser
2024-03-02T03:33:37,479 [main] INFO  (WebDriverManager.java:1217) - Using chromedriver 122.0.6261.94 (resolved driver for Chrome 122)
2024-03-02T03:33:37,500 [main] INFO  (WebDriverManager.java:1270) - Exporting webdriver.chrome.driver as /Users/majdeddinemejbri/.cache/selenium/chromedriver/mac64/122.0.6261.94/chromedriver
2024-03-02T03:33:40,209 [main] INFO  (ConfigurationReader.java:41) - Getting the property key {url} from the property file
2024-03-02T03:33:40,645 [main] INFO  (LoginPage.java:57) - Entering username {} into the username field
2024-03-02T03:33:40,799 [main] INFO  (LoginPage.java:66) - Entering password {secret_sauce} into the password field
2024-03-02T03:33:40,985 [main] INFO  (LoginPage.java:75) - Clicking on submit button
2024-03-02T03:33:41,087 [main] INFO  (LoginPage.java:110) - Getting the error message for the required username
2024-03-02T03:33:41,129 [main] INFO  (TestBase.java:33) - Closing the driver...
2024-03-02T03:33:41,129 [main] INFO  (Driver.java:47) - Closing the browser
2024-03-02T03:41:16,772 [main] INFO  (Logger.java:112) - [TestNG] Running:
  /Users/majdeddinemejbri/Library/Caches/JetBrains/IdeaIC2023.3/temp-testng-customsuite.xml

2024-03-02T03:41:16,846 [main] INFO  (TestBase.java:23) - Setting up the driver...
2024-03-02T03:41:16,847 [main] INFO  (ConfigurationReader.java:19) - Loading the property file...
2024-03-02T03:41:16,848 [main] INFO  (ConfigurationReader.java:41) - Getting the property key {browserType} from the property file
2024-03-02T03:41:16,850 [main] INFO  (Driver.java:18) - Getting a driver instance
2024-03-02T03:41:16,850 [main] INFO  (Driver.java:33) - Starting a Chrome browser
2024-03-02T03:41:17,267 [main] INFO  (WebDriverManager.java:1217) - Using chromedriver 122.0.6261.94 (resolved driver for Chrome 122)
2024-03-02T03:41:17,294 [main] INFO  (WebDriverManager.java:1270) - Exporting webdriver.chrome.driver as /Users/majdeddinemejbri/.cache/selenium/chromedriver/mac64/122.0.6261.94/chromedriver
2024-03-02T03:41:19,746 [main] INFO  (ConfigurationReader.java:41) - Getting the property key {url} from the property file
2024-03-02T03:41:20,276 [main] INFO  (LoginPage.java:57) - Entering username {standard_user} into the username field
2024-03-02T03:41:20,555 [main] INFO  (LoginPage.java:66) - Entering password {} into the password field
2024-03-02T03:41:20,654 [main] INFO  (LoginPage.java:75) - Clicking on submit button
2024-03-02T03:41:20,739 [main] INFO  (LoginPage.java:119) - Getting the error message for the required password
2024-03-02T03:41:20,802 [main] INFO  (TestBase.java:33) - Closing the driver...
2024-03-02T03:41:20,803 [main] INFO  (Driver.java:47) - Closing the browser
2024-03-02T05:00:50,084 [main] INFO  (Logger.java:112) - [TestNG] Running:
  /Users/majdeddinemejbri/Library/Caches/JetBrains/IdeaIC2023.3/temp-testng-customsuite.xml

2024-03-02T05:00:50,147 [main] INFO  (TestBase.java:23) - Setting up the driver...
2024-03-02T05:00:50,148 [main] INFO  (ConfigurationReader.java:19) - Loading the property file...
2024-03-02T05:00:50,150 [main] INFO  (ConfigurationReader.java:41) - Getting the property key {browserType} from the property file
2024-03-02T05:00:50,152 [main] INFO  (Driver.java:18) - Getting a driver instance
2024-03-02T05:00:50,153 [main] INFO  (Driver.java:33) - Starting a Chrome browser
2024-03-02T05:00:51,127 [main] INFO  (WebDriverManager.java:1217) - Using chromedriver 122.0.6261.94 (resolved driver for Chrome 122)
2024-03-02T05:00:51,143 [main] INFO  (WebDriverManager.java:1270) - Exporting webdriver.chrome.driver as /Users/majdeddinemejbri/.cache/selenium/chromedriver/mac64/122.0.6261.94/chromedriver
2024-03-02T05:00:53,798 [main] INFO  (ConfigurationReader.java:41) - Getting the property key {url} from the property file
2024-03-02T05:00:54,393 [main] INFO  (LoginPage.java:57) - Entering username {locked_out_user} into the username field
2024-03-02T05:00:54,669 [main] INFO  (LoginPage.java:66) - Entering password {secret_sauce} into the password field
2024-03-02T05:00:54,749 [main] INFO  (MainPage.java:130) - Clicking on the Add to Cart for Back Pack
2024-03-02T05:00:54,792 [main] INFO  (TestBase.java:33) - Closing the driver...
2024-03-02T05:00:54,792 [main] INFO  (Driver.java:47) - Closing the browser
2024-03-02T05:01:30,686 [main] INFO  (Logger.java:112) - [TestNG] Running:
  /Users/majdeddinemejbri/Library/Caches/JetBrains/IdeaIC2023.3/temp-testng-customsuite.xml

2024-03-02T05:01:30,773 [main] INFO  (TestBase.java:23) - Setting up the driver...
2024-03-02T05:01:30,775 [main] INFO  (ConfigurationReader.java:19) - Loading the property file...
2024-03-02T05:01:30,776 [main] INFO  (ConfigurationReader.java:41) - Getting the property key {browserType} from the property file
2024-03-02T05:01:30,778 [main] INFO  (Driver.java:18) - Getting a driver instance
2024-03-02T05:01:30,779 [main] INFO  (Driver.java:33) - Starting a Chrome browser
2024-03-02T05:01:31,221 [main] INFO  (WebDriverManager.java:1217) - Using chromedriver 122.0.6261.94 (resolved driver for Chrome 122)
2024-03-02T05:01:31,242 [main] INFO  (WebDriverManager.java:1270) - Exporting webdriver.chrome.driver as /Users/majdeddinemejbri/.cache/selenium/chromedriver/mac64/122.0.6261.94/chromedriver
2024-03-02T05:01:33,604 [main] INFO  (ConfigurationReader.java:41) - Getting the property key {url} from the property file
2024-03-02T05:01:34,000 [main] INFO  (LoginPage.java:57) - Entering username {locked_out_user} into the username field
2024-03-02T05:01:34,234 [main] INFO  (LoginPage.java:66) - Entering password {secret_sauce} into the password field
2024-03-02T05:01:34,329 [main] INFO  (MainPage.java:130) - Clicking on the Add to Cart for Back Pack
2024-03-02T05:01:34,374 [main] INFO  (TestBase.java:33) - Closing the driver...
2024-03-02T05:01:34,374 [main] INFO  (Driver.java:47) - Closing the browser
2024-03-02T05:02:10,431 [main] INFO  (Logger.java:112) - [TestNG] Running:
  /Users/majdeddinemejbri/Library/Caches/JetBrains/IdeaIC2023.3/temp-testng-customsuite.xml

2024-03-02T05:02:10,519 [main] INFO  (TestBase.java:23) - Setting up the driver...
2024-03-02T05:02:10,520 [main] INFO  (ConfigurationReader.java:19) - Loading the property file...
2024-03-02T05:02:10,521 [main] INFO  (ConfigurationReader.java:41) - Getting the property key {browserType} from the property file
2024-03-02T05:02:10,523 [main] INFO  (Driver.java:18) - Getting a driver instance
2024-03-02T05:02:10,523 [main] INFO  (Driver.java:33) - Starting a Chrome browser
2024-03-02T05:02:10,922 [main] INFO  (WebDriverManager.java:1217) - Using chromedriver 122.0.6261.94 (resolved driver for Chrome 122)
2024-03-02T05:02:10,941 [main] INFO  (WebDriverManager.java:1270) - Exporting webdriver.chrome.driver as /Users/majdeddinemejbri/.cache/selenium/chromedriver/mac64/122.0.6261.94/chromedriver
2024-03-02T05:02:13,222 [main] INFO  (ConfigurationReader.java:41) - Getting the property key {url} from the property file
2024-03-02T05:02:13,706 [main] INFO  (LoginPage.java:57) - Entering username {standard_user} into the username field
2024-03-02T05:02:13,950 [main] INFO  (LoginPage.java:66) - Entering password {secret_sauce} into the password field
2024-03-02T05:02:14,043 [main] INFO  (MainPage.java:130) - Clicking on the Add to Cart for Back Pack
2024-03-02T05:02:14,089 [main] INFO  (TestBase.java:33) - Closing the driver...
2024-03-02T05:02:14,089 [main] INFO  (Driver.java:47) - Closing the browser
2024-03-02T05:08:32,768 [main] INFO  (Logger.java:112) - [TestNG] Running:
  /Users/majdeddinemejbri/Library/Caches/JetBrains/IdeaIC2023.3/temp-testng-customsuite.xml

2024-03-02T05:08:32,846 [main] INFO  (TestBase.java:23) - Setting up the driver...
2024-03-02T05:08:32,847 [main] INFO  (ConfigurationReader.java:19) - Loading the property file...
2024-03-02T05:08:32,849 [main] INFO  (ConfigurationReader.java:41) - Getting the property key {browserType} from the property file
2024-03-02T05:08:32,851 [main] INFO  (Driver.java:18) - Getting a driver instance
2024-03-02T05:08:32,852 [main] INFO  (Driver.java:33) - Starting a Chrome browser
2024-03-02T05:08:33,213 [main] INFO  (WebDriverManager.java:1217) - Using chromedriver 122.0.6261.94 (resolved driver for Chrome 122)
2024-03-02T05:08:33,240 [main] INFO  (WebDriverManager.java:1270) - Exporting webdriver.chrome.driver as /Users/majdeddinemejbri/.cache/selenium/chromedriver/mac64/122.0.6261.94/chromedriver
2024-03-02T05:08:35,535 [main] INFO  (ConfigurationReader.java:41) - Getting the property key {url} from the property file
2024-03-02T05:08:35,924 [main] INFO  (LoginPage.java:57) - Entering username {standard_user} into the username field
2024-03-02T05:08:36,161 [main] INFO  (LoginPage.java:66) - Entering password {secret_sauce} into the password field
2024-03-02T05:08:36,264 [main] INFO  (MainPage.java:130) - Clicking on the Add to Cart for Back Pack
2024-03-02T05:08:36,304 [main] INFO  (TestBase.java:33) - Closing the driver...
2024-03-02T05:08:36,304 [main] INFO  (Driver.java:47) - Closing the browser
2024-03-02T05:08:45,197 [main] INFO  (Logger.java:112) - [TestNG] Running:
  /Users/majdeddinemejbri/Library/Caches/JetBrains/IdeaIC2023.3/temp-testng-customsuite.xml

2024-03-02T05:08:45,263 [main] INFO  (TestBase.java:23) - Setting up the driver...
2024-03-02T05:08:45,264 [main] INFO  (ConfigurationReader.java:19) - Loading the property file...
2024-03-02T05:08:45,265 [main] INFO  (ConfigurationReader.java:41) - Getting the property key {browserType} from the property file
2024-03-02T05:08:45,267 [main] INFO  (Driver.java:18) - Getting a driver instance
2024-03-02T05:08:45,267 [main] INFO  (Driver.java:33) - Starting a Chrome browser
2024-03-02T05:08:45,653 [main] INFO  (WebDriverManager.java:1217) - Using chromedriver 122.0.6261.94 (resolved driver for Chrome 122)
2024-03-02T05:08:45,675 [main] INFO  (WebDriverManager.java:1270) - Exporting webdriver.chrome.driver as /Users/majdeddinemejbri/.cache/selenium/chromedriver/mac64/122.0.6261.94/chromedriver
2024-03-02T05:08:48,028 [main] INFO  (ConfigurationReader.java:41) - Getting the property key {url} from the property file
2024-03-02T05:08:48,522 [main] INFO  (LoginPage.java:57) - Entering username {standard_user} into the username field
2024-03-02T05:08:48,762 [main] INFO  (LoginPage.java:66) - Entering password {secret_sauce} into the password field
2024-03-02T05:08:48,861 [main] INFO  (MainPage.java:130) - Clicking on the Add to Cart for Back Pack
2024-03-02T05:08:48,905 [main] INFO  (TestBase.java:33) - Closing the driver...
2024-03-02T05:08:48,906 [main] INFO  (Driver.java:47) - Closing the browser
2024-03-02T05:09:25,104 [main] INFO  (Logger.java:112) - [TestNG] Running:
  /Users/majdeddinemejbri/Library/Caches/JetBrains/IdeaIC2023.3/temp-testng-customsuite.xml

2024-03-02T05:09:25,178 [main] INFO  (TestBase.java:23) - Setting up the driver...
2024-03-02T05:09:25,179 [main] INFO  (ConfigurationReader.java:19) - Loading the property file...
2024-03-02T05:09:25,180 [main] INFO  (ConfigurationReader.java:41) - Getting the property key {browserType} from the property file
2024-03-02T05:09:25,182 [main] INFO  (Driver.java:18) - Getting a driver instance
2024-03-02T05:09:25,182 [main] INFO  (Driver.java:33) - Starting a Chrome browser
2024-03-02T05:09:25,626 [main] INFO  (WebDriverManager.java:1217) - Using chromedriver 122.0.6261.94 (resolved driver for Chrome 122)
2024-03-02T05:09:25,651 [main] INFO  (WebDriverManager.java:1270) - Exporting webdriver.chrome.driver as /Users/majdeddinemejbri/.cache/selenium/chromedriver/mac64/122.0.6261.94/chromedriver
2024-03-02T05:09:28,144 [main] INFO  (ConfigurationReader.java:41) - Getting the property key {url} from the property file
2024-03-02T05:09:28,530 [main] INFO  (LoginPage.java:57) - Entering username {standard_user} into the username field
2024-03-02T05:09:28,756 [main] INFO  (LoginPage.java:66) - Entering password {secret_sauce} into the password field
2024-03-02T05:09:28,852 [main] INFO  (MainPage.java:130) - Clicking on the Add to Cart for Back Pack
2024-03-02T05:09:28,905 [main] INFO  (TestBase.java:33) - Closing the driver...
2024-03-02T05:09:28,906 [main] INFO  (Driver.java:47) - Closing the browser
2024-03-02T05:10:30,653 [main] INFO  (Logger.java:112) - [TestNG] Running:
  /Users/majdeddinemejbri/Library/Caches/JetBrains/IdeaIC2023.3/temp-testng-customsuite.xml

2024-03-02T05:10:30,737 [main] INFO  (TestBase.java:23) - Setting up the driver...
2024-03-02T05:10:30,738 [main] INFO  (ConfigurationReader.java:19) - Loading the property file...
2024-03-02T05:10:30,739 [main] INFO  (ConfigurationReader.java:41) - Getting the property key {browserType} from the property file
2024-03-02T05:10:30,742 [main] INFO  (Driver.java:18) - Getting a driver instance
2024-03-02T05:10:30,742 [main] INFO  (Driver.java:33) - Starting a Chrome browser
2024-03-02T05:10:31,124 [main] INFO  (WebDriverManager.java:1217) - Using chromedriver 122.0.6261.94 (resolved driver for Chrome 122)
2024-03-02T05:10:31,140 [main] INFO  (WebDriverManager.java:1270) - Exporting webdriver.chrome.driver as /Users/majdeddinemejbri/.cache/selenium/chromedriver/mac64/122.0.6261.94/chromedriver
2024-03-02T05:10:33,391 [main] INFO  (ConfigurationReader.java:41) - Getting the property key {url} from the property file
2024-03-02T05:10:33,796 [main] INFO  (LoginPage.java:57) - Entering username {standard_user} into the username field
2024-03-02T05:10:34,026 [main] INFO  (LoginPage.java:66) - Entering password {secret_sauce} into the password field
2024-03-02T05:10:34,123 [main] INFO  (MainPage.java:130) - Clicking on the Add to Cart for Back Pack
2024-03-02T05:10:34,175 [main] INFO  (TestBase.java:33) - Closing the driver...
2024-03-02T05:10:34,176 [main] INFO  (Driver.java:47) - Closing the browser
2024-03-02T05:11:56,487 [main] INFO  (Logger.java:112) - [TestNG] Running:
  /Users/majdeddinemejbri/Library/Caches/JetBrains/IdeaIC2023.3/temp-testng-customsuite.xml

2024-03-02T05:11:56,564 [main] INFO  (TestBase.java:23) - Setting up the driver...
2024-03-02T05:11:56,565 [main] INFO  (ConfigurationReader.java:19) - Loading the property file...
2024-03-02T05:11:56,567 [main] INFO  (ConfigurationReader.java:41) - Getting the property key {browserType} from the property file
2024-03-02T05:11:56,569 [main] INFO  (Driver.java:18) - Getting a driver instance
2024-03-02T05:11:56,569 [main] INFO  (Driver.java:33) - Starting a Chrome browser
2024-03-02T05:11:56,968 [main] INFO  (WebDriverManager.java:1217) - Using chromedriver 122.0.6261.94 (resolved driver for Chrome 122)
2024-03-02T05:11:56,987 [main] INFO  (WebDriverManager.java:1270) - Exporting webdriver.chrome.driver as /Users/majdeddinemejbri/.cache/selenium/chromedriver/mac64/122.0.6261.94/chromedriver
2024-03-02T05:11:59,398 [main] INFO  (ConfigurationReader.java:41) - Getting the property key {url} from the property file
2024-03-02T05:11:59,943 [main] INFO  (LoginPage.java:57) - Entering username {standard_user} into the username field
2024-03-02T05:12:00,179 [main] INFO  (LoginPage.java:66) - Entering password {secret_sauce} into the password field
2024-03-02T05:12:00,268 [main] INFO  (LoginPage.java:75) - Clicking on submit button
2024-03-02T05:12:00,401 [main] INFO  (TestBase.java:33) - Closing the driver...
2024-03-02T05:12:00,402 [main] INFO  (Driver.java:47) - Closing the browser
2024-03-02T05:27:14,539 [main] INFO  (Logger.java:112) - [TestNG] Running:
  /Users/majdeddinemejbri/Library/Caches/JetBrains/IdeaIC2023.3/temp-testng-customsuite.xml

2024-03-02T05:27:14,614 [main] INFO  (TestBase.java:23) - Setting up the driver...
2024-03-02T05:27:14,615 [main] INFO  (ConfigurationReader.java:19) - Loading the property file...
2024-03-02T05:27:14,621 [main] INFO  (ConfigurationReader.java:41) - Getting the property key {browserType} from the property file
2024-03-02T05:27:14,623 [main] INFO  (Driver.java:18) - Getting a driver instance
2024-03-02T05:27:14,623 [main] INFO  (Driver.java:33) - Starting a Chrome browser
2024-03-02T05:27:14,998 [main] INFO  (WebDriverManager.java:1217) - Using chromedriver 122.0.6261.94 (resolved driver for Chrome 122)
2024-03-02T05:27:15,019 [main] INFO  (WebDriverManager.java:1270) - Exporting webdriver.chrome.driver as /Users/majdeddinemejbri/.cache/selenium/chromedriver/mac64/122.0.6261.94/chromedriver
2024-03-02T05:27:17,370 [main] INFO  (ConfigurationReader.java:41) - Getting the property key {url} from the property file
2024-03-02T05:27:17,946 [main] INFO  (LoginPage.java:57) - Entering username {standard_user} into the username field
2024-03-02T05:27:18,189 [main] INFO  (LoginPage.java:66) - Entering password {secret_sauce} into the password field
2024-03-02T05:27:18,277 [main] INFO  (LoginPage.java:75) - Clicking on submit button
2024-03-02T05:27:18,404 [main] INFO  (MainPage.java:130) - Clicking on the Add to Cart for Back Pack
2024-03-02T05:27:18,472 [main] INFO  (MainPage.java:176) - Clicking on the shopping cart icon
2024-03-02T05:27:18,537 [main] INFO  (CartPage.java:72) - check is the Sauce Labs Backpack Displayed or not 
2024-03-02T05:27:18,538 [main] INFO  (SeleniumUtils.java:24) - Waiting for an element until its visible
2024-03-02T05:27:18,538 [main] INFO  (ConfigurationReader.java:41) - Getting the property key {explicitWait} from the property file
2024-03-02T05:27:18,547 [main] INFO  (TestBase.java:33) - Closing the driver...
2024-03-02T05:27:18,548 [main] INFO  (Driver.java:47) - Closing the browser
2024-03-02T05:28:07,254 [main] INFO  (Logger.java:112) - [TestNG] Running:
  /Users/majdeddinemejbri/Library/Caches/JetBrains/IdeaIC2023.3/temp-testng-customsuite.xml

2024-03-02T05:28:07,335 [main] INFO  (TestBase.java:23) - Setting up the driver...
2024-03-02T05:28:07,337 [main] INFO  (ConfigurationReader.java:19) - Loading the property file...
2024-03-02T05:28:07,338 [main] INFO  (ConfigurationReader.java:41) - Getting the property key {browserType} from the property file
2024-03-02T05:28:07,340 [main] INFO  (Driver.java:18) - Getting a driver instance
2024-03-02T05:28:07,341 [main] INFO  (Driver.java:33) - Starting a Chrome browser
2024-03-02T05:28:07,739 [main] INFO  (WebDriverManager.java:1217) - Using chromedriver 122.0.6261.94 (resolved driver for Chrome 122)
2024-03-02T05:28:07,756 [main] INFO  (WebDriverManager.java:1270) - Exporting webdriver.chrome.driver as /Users/majdeddinemejbri/.cache/selenium/chromedriver/mac64/122.0.6261.94/chromedriver
2024-03-02T05:28:10,067 [main] INFO  (ConfigurationReader.java:41) - Getting the property key {url} from the property file
2024-03-02T05:28:10,466 [main] INFO  (LoginPage.java:57) - Entering username {standard_user} into the username field
2024-03-02T05:28:10,692 [main] INFO  (LoginPage.java:66) - Entering password {secret_sauce} into the password field
2024-03-02T05:28:10,788 [main] INFO  (LoginPage.java:75) - Clicking on submit button
2024-03-02T05:28:10,905 [main] INFO  (MainPage.java:130) - Clicking on the Add to Cart for Back Pack
2024-03-02T05:28:10,958 [main] INFO  (MainPage.java:176) - Clicking on the shopping cart icon
2024-03-02T05:28:11,022 [main] INFO  (TestBase.java:33) - Closing the driver...
2024-03-02T05:28:11,022 [main] INFO  (Driver.java:47) - Closing the browser
2024-03-02T05:28:41,143 [main] INFO  (Logger.java:112) - [TestNG] Running:
  /Users/majdeddinemejbri/Library/Caches/JetBrains/IdeaIC2023.3/temp-testng-customsuite.xml

2024-03-02T05:28:41,230 [main] INFO  (TestBase.java:23) - Setting up the driver...
2024-03-02T05:28:41,231 [main] INFO  (ConfigurationReader.java:19) - Loading the property file...
2024-03-02T05:28:41,232 [main] INFO  (ConfigurationReader.java:41) - Getting the property key {browserType} from the property file
2024-03-02T05:28:41,234 [main] INFO  (Driver.java:18) - Getting a driver instance
2024-03-02T05:28:41,235 [main] INFO  (Driver.java:33) - Starting a Chrome browser
2024-03-02T05:28:41,644 [main] INFO  (WebDriverManager.java:1217) - Using chromedriver 122.0.6261.94 (resolved driver for Chrome 122)
2024-03-02T05:28:41,667 [main] INFO  (WebDriverManager.java:1270) - Exporting webdriver.chrome.driver as /Users/majdeddinemejbri/.cache/selenium/chromedriver/mac64/122.0.6261.94/chromedriver
2024-03-02T05:28:43,961 [main] INFO  (ConfigurationReader.java:41) - Getting the property key {url} from the property file
2024-03-02T05:28:44,352 [main] INFO  (LoginPage.java:57) - Entering username {standard_user} into the username field
2024-03-02T05:28:44,572 [main] INFO  (LoginPage.java:66) - Entering password {secret_sauce} into the password field
2024-03-02T05:28:44,669 [main] INFO  (LoginPage.java:75) - Clicking on submit button
2024-03-02T05:28:44,792 [main] INFO  (MainPage.java:130) - Clicking on the Add to Cart for Back Pack
2024-03-02T05:28:44,848 [main] INFO  (MainPage.java:176) - Clicking on the shopping cart icon
2024-03-02T05:28:44,912 [main] INFO  (CartPage.java:72) - check is the Sauce Labs Backpack Displayed or not 
2024-03-02T05:28:44,913 [main] INFO  (SeleniumUtils.java:24) - Waiting for an element until its visible
2024-03-02T05:28:44,913 [main] INFO  (ConfigurationReader.java:41) - Getting the property key {explicitWait} from the property file
2024-03-02T05:28:44,921 [main] INFO  (TestBase.java:33) - Closing the driver...
2024-03-02T05:28:44,922 [main] INFO  (Driver.java:47) - Closing the browser
2024-03-02T05:30:36,798 [main] INFO  (Logger.java:112) - [TestNG] Running:
  /Users/majdeddinemejbri/Library/Caches/JetBrains/IdeaIC2023.3/temp-testng-customsuite.xml

2024-03-02T05:30:36,879 [main] INFO  (TestBase.java:23) - Setting up the driver...
2024-03-02T05:30:36,880 [main] INFO  (ConfigurationReader.java:19) - Loading the property file...
2024-03-02T05:30:36,881 [main] INFO  (ConfigurationReader.java:41) - Getting the property key {browserType} from the property file
2024-03-02T05:30:36,883 [main] INFO  (Driver.java:18) - Getting a driver instance
2024-03-02T05:30:36,884 [main] INFO  (Driver.java:33) - Starting a Chrome browser
2024-03-02T05:30:37,277 [main] INFO  (WebDriverManager.java:1217) - Using chromedriver 122.0.6261.94 (resolved driver for Chrome 122)
2024-03-02T05:30:37,295 [main] INFO  (WebDriverManager.java:1270) - Exporting webdriver.chrome.driver as /Users/majdeddinemejbri/.cache/selenium/chromedriver/mac64/122.0.6261.94/chromedriver
2024-03-02T05:30:39,639 [main] INFO  (ConfigurationReader.java:41) - Getting the property key {url} from the property file
2024-03-02T05:30:40,022 [main] INFO  (LoginPage.java:57) - Entering username {standard_user} into the username field
2024-03-02T05:30:40,261 [main] INFO  (LoginPage.java:66) - Entering password {secret_sauce} into the password field
2024-03-02T05:30:40,354 [main] INFO  (LoginPage.java:75) - Clicking on submit button
2024-03-02T05:30:40,471 [main] INFO  (MainPage.java:176) - Clicking on the shopping cart icon
2024-03-02T05:30:40,535 [main] INFO  (TestBase.java:33) - Closing the driver...
2024-03-02T05:30:40,535 [main] INFO  (Driver.java:47) - Closing the browser
2024-03-02T05:31:06,878 [main] INFO  (Logger.java:112) - [TestNG] Running:
  /Users/majdeddinemejbri/Library/Caches/JetBrains/IdeaIC2023.3/temp-testng-customsuite.xml

2024-03-02T05:31:06,960 [main] INFO  (TestBase.java:23) - Setting up the driver...
2024-03-02T05:31:06,961 [main] INFO  (ConfigurationReader.java:19) - Loading the property file...
2024-03-02T05:31:06,962 [main] INFO  (ConfigurationReader.java:41) - Getting the property key {browserType} from the property file
2024-03-02T05:31:06,964 [main] INFO  (Driver.java:18) - Getting a driver instance
2024-03-02T05:31:06,965 [main] INFO  (Driver.java:33) - Starting a Chrome browser
2024-03-02T05:31:07,346 [main] INFO  (WebDriverManager.java:1217) - Using chromedriver 122.0.6261.94 (resolved driver for Chrome 122)
2024-03-02T05:31:07,365 [main] INFO  (WebDriverManager.java:1270) - Exporting webdriver.chrome.driver as /Users/majdeddinemejbri/.cache/selenium/chromedriver/mac64/122.0.6261.94/chromedriver
2024-03-02T05:31:09,649 [main] INFO  (ConfigurationReader.java:41) - Getting the property key {url} from the property file
2024-03-02T05:31:10,068 [main] INFO  (LoginPage.java:57) - Entering username {standard_user} into the username field
2024-03-02T05:31:10,297 [main] INFO  (LoginPage.java:66) - Entering password {secret_sauce} into the password field
2024-03-02T05:31:10,394 [main] INFO  (LoginPage.java:75) - Clicking on submit button
2024-03-02T05:31:10,513 [main] INFO  (MainPage.java:176) - Clicking on the shopping cart icon
2024-03-02T05:31:16,578 [main] INFO  (TestBase.java:33) - Closing the driver...
2024-03-02T05:31:16,578 [main] INFO  (Driver.java:47) - Closing the browser
2024-03-02T05:34:05,835 [main] INFO  (Logger.java:112) - [TestNG] Running:
  /Users/majdeddinemejbri/Library/Caches/JetBrains/IdeaIC2023.3/temp-testng-customsuite.xml

2024-03-02T05:34:05,910 [main] INFO  (TestBase.java:23) - Setting up the driver...
2024-03-02T05:34:05,911 [main] INFO  (ConfigurationReader.java:19) - Loading the property file...
2024-03-02T05:34:05,912 [main] INFO  (ConfigurationReader.java:41) - Getting the property key {browserType} from the property file
2024-03-02T05:34:05,914 [main] INFO  (Driver.java:18) - Getting a driver instance
2024-03-02T05:34:05,914 [main] INFO  (Driver.java:33) - Starting a Chrome browser
2024-03-02T05:34:06,316 [main] INFO  (WebDriverManager.java:1217) - Using chromedriver 122.0.6261.94 (resolved driver for Chrome 122)
2024-03-02T05:34:06,334 [main] INFO  (WebDriverManager.java:1270) - Exporting webdriver.chrome.driver as /Users/majdeddinemejbri/.cache/selenium/chromedriver/mac64/122.0.6261.94/chromedriver
2024-03-02T05:34:08,656 [main] INFO  (ConfigurationReader.java:41) - Getting the property key {url} from the property file
2024-03-02T05:34:09,051 [main] INFO  (LoginPage.java:57) - Entering username {standard_user} into the username field
2024-03-02T05:34:09,295 [main] INFO  (LoginPage.java:66) - Entering password {secret_sauce} into the password field
2024-03-02T05:34:09,381 [main] INFO  (LoginPage.java:75) - Clicking on submit button
2024-03-02T05:34:09,494 [main] INFO  (MainPage.java:176) - Clicking on the shopping cart icon
2024-03-02T05:34:15,567 [main] INFO  (TestBase.java:33) - Closing the driver...
2024-03-02T05:34:15,568 [main] INFO  (Driver.java:47) - Closing the browser
2024-03-02T05:35:04,984 [main] INFO  (Logger.java:112) - [TestNG] Running:
  /Users/majdeddinemejbri/Library/Caches/JetBrains/IdeaIC2023.3/temp-testng-customsuite.xml

2024-03-02T05:35:05,075 [main] INFO  (TestBase.java:23) - Setting up the driver...
2024-03-02T05:35:05,076 [main] INFO  (ConfigurationReader.java:19) - Loading the property file...
2024-03-02T05:35:05,083 [main] INFO  (ConfigurationReader.java:41) - Getting the property key {browserType} from the property file
2024-03-02T05:35:05,085 [main] INFO  (Driver.java:18) - Getting a driver instance
2024-03-02T05:35:05,085 [main] INFO  (Driver.java:33) - Starting a Chrome browser
2024-03-02T05:35:05,465 [main] INFO  (WebDriverManager.java:1217) - Using chromedriver 122.0.6261.94 (resolved driver for Chrome 122)
2024-03-02T05:35:05,489 [main] INFO  (WebDriverManager.java:1270) - Exporting webdriver.chrome.driver as /Users/majdeddinemejbri/.cache/selenium/chromedriver/mac64/122.0.6261.94/chromedriver
2024-03-02T05:35:07,780 [main] INFO  (ConfigurationReader.java:41) - Getting the property key {url} from the property file
2024-03-02T05:35:08,155 [main] INFO  (LoginPage.java:57) - Entering username {standard_user} into the username field
2024-03-02T05:35:08,349 [main] INFO  (LoginPage.java:66) - Entering password {secret_sauce} into the password field
2024-03-02T05:35:08,433 [main] INFO  (LoginPage.java:75) - Clicking on submit button
2024-03-02T05:35:08,540 [main] INFO  (MainPage.java:130) - Clicking on the Add to Cart for Back Pack
2024-03-02T05:35:08,593 [main] INFO  (MainPage.java:176) - Clicking on the shopping cart icon
2024-03-02T05:35:08,650 [main] INFO  (CartPage.java:72) - check is the Sauce Labs Backpack Displayed or not 
2024-03-02T05:35:08,651 [main] INFO  (SeleniumUtils.java:24) - Waiting for an element until its visible
2024-03-02T05:35:08,651 [main] INFO  (ConfigurationReader.java:41) - Getting the property key {explicitWait} from the property file
2024-03-02T05:35:08,657 [main] INFO  (TestBase.java:33) - Closing the driver...
2024-03-02T05:35:08,658 [main] INFO  (Driver.java:47) - Closing the browser
2024-03-02T05:35:28,374 [main] INFO  (Logger.java:112) - [TestNG] Running:
  /Users/majdeddinemejbri/Library/Caches/JetBrains/IdeaIC2023.3/temp-testng-customsuite.xml

2024-03-02T05:35:28,458 [main] INFO  (TestBase.java:23) - Setting up the driver...
2024-03-02T05:35:28,460 [main] INFO  (ConfigurationReader.java:19) - Loading the property file...
2024-03-02T05:35:28,461 [main] INFO  (ConfigurationReader.java:41) - Getting the property key {browserType} from the property file
2024-03-02T05:35:28,463 [main] INFO  (Driver.java:18) - Getting a driver instance
2024-03-02T05:35:28,463 [main] INFO  (Driver.java:33) - Starting a Chrome browser
2024-03-02T05:35:28,873 [main] INFO  (WebDriverManager.java:1217) - Using chromedriver 122.0.6261.94 (resolved driver for Chrome 122)
2024-03-02T05:35:28,892 [main] INFO  (WebDriverManager.java:1270) - Exporting webdriver.chrome.driver as /Users/majdeddinemejbri/.cache/selenium/chromedriver/mac64/122.0.6261.94/chromedriver
2024-03-02T05:35:31,209 [main] INFO  (ConfigurationReader.java:41) - Getting the property key {url} from the property file
2024-03-02T05:35:31,591 [main] INFO  (LoginPage.java:57) - Entering username {standard_user} into the username field
2024-03-02T05:35:31,828 [main] INFO  (LoginPage.java:66) - Entering password {secret_sauce} into the password field
2024-03-02T05:35:31,921 [main] INFO  (LoginPage.java:75) - Clicking on submit button
2024-03-02T05:35:32,035 [main] INFO  (MainPage.java:130) - Clicking on the Add to Cart for Back Pack
2024-03-02T05:35:32,089 [main] INFO  (MainPage.java:176) - Clicking on the shopping cart icon
2024-03-02T05:35:38,154 [main] INFO  (TestBase.java:33) - Closing the driver...
2024-03-02T05:35:38,154 [main] INFO  (Driver.java:47) - Closing the browser
2024-03-02T05:38:25,868 [main] INFO  (Logger.java:112) - [TestNG] Running:
  /Users/majdeddinemejbri/Library/Caches/JetBrains/IdeaIC2023.3/temp-testng-customsuite.xml

2024-03-02T05:38:25,948 [main] INFO  (TestBase.java:23) - Setting up the driver...
2024-03-02T05:38:25,950 [main] INFO  (ConfigurationReader.java:19) - Loading the property file...
2024-03-02T05:38:25,951 [main] INFO  (ConfigurationReader.java:41) - Getting the property key {browserType} from the property file
2024-03-02T05:38:25,953 [main] INFO  (Driver.java:18) - Getting a driver instance
2024-03-02T05:38:25,953 [main] INFO  (Driver.java:33) - Starting a Chrome browser
2024-03-02T05:38:26,341 [main] INFO  (WebDriverManager.java:1217) - Using chromedriver 122.0.6261.94 (resolved driver for Chrome 122)
2024-03-02T05:38:26,368 [main] INFO  (WebDriverManager.java:1270) - Exporting webdriver.chrome.driver as /Users/majdeddinemejbri/.cache/selenium/chromedriver/mac64/122.0.6261.94/chromedriver
2024-03-02T05:38:28,774 [main] INFO  (ConfigurationReader.java:41) - Getting the property key {url} from the property file
2024-03-02T05:38:29,209 [main] INFO  (LoginPage.java:57) - Entering username {standard_user} into the username field
2024-03-02T05:38:29,455 [main] INFO  (LoginPage.java:66) - Entering password {secret_sauce} into the password field
2024-03-02T05:38:29,542 [main] INFO  (LoginPage.java:75) - Clicking on submit button
2024-03-02T05:38:29,666 [main] INFO  (MainPage.java:130) - Clicking on the Add to Cart for Back Pack
2024-03-02T05:38:29,738 [main] INFO  (MainPage.java:176) - Clicking on the shopping cart icon
2024-03-02T05:38:29,798 [main] INFO  (CartPage.java:72) - check is the Sauce Labs Backpack Displayed or not 
2024-03-02T05:38:29,800 [main] INFO  (SeleniumUtils.java:24) - Waiting for an element until its visible
2024-03-02T05:38:29,800 [main] INFO  (ConfigurationReader.java:41) - Getting the property key {explicitWait} from the property file
2024-03-02T05:38:29,811 [main] INFO  (TestBase.java:33) - Closing the driver...
2024-03-02T05:38:29,812 [main] INFO  (Driver.java:47) - Closing the browser
2024-03-02T05:39:18,685 [main] INFO  (Logger.java:112) - [TestNG] Running:
  /Users/majdeddinemejbri/Library/Caches/JetBrains/IdeaIC2023.3/temp-testng-customsuite.xml

2024-03-02T05:39:18,889 [main] INFO  (TestBase.java:23) - Setting up the driver...
2024-03-02T05:39:18,890 [main] INFO  (ConfigurationReader.java:19) - Loading the property file...
2024-03-02T05:39:18,891 [main] INFO  (ConfigurationReader.java:41) - Getting the property key {browserType} from the property file
2024-03-02T05:39:18,892 [main] INFO  (Driver.java:18) - Getting a driver instance
2024-03-02T05:39:18,893 [main] INFO  (Driver.java:33) - Starting a Chrome browser
2024-03-02T05:39:19,648 [main] INFO  (WebDriverManager.java:1217) - Using chromedriver 122.0.6261.94 (resolved driver for Chrome 122)
2024-03-02T05:39:19,687 [main] INFO  (WebDriverManager.java:1270) - Exporting webdriver.chrome.driver as /Users/majdeddinemejbri/.cache/selenium/chromedriver/mac64/122.0.6261.94/chromedriver
2024-03-02T05:39:22,897 [main] INFO  (ConfigurationReader.java:41) - Getting the property key {url} from the property file
2024-03-02T05:42:58,082 [main] INFO  (LoginPage.java:57) - Entering username {standard_user} into the username field
2024-03-02T05:43:00,827 [main] INFO  (Logger.java:112) - [TestNG] Running:
  /Users/majdeddinemejbri/Library/Caches/JetBrains/IdeaIC2023.3/temp-testng-customsuite.xml

2024-03-02T05:43:00,886 [main] INFO  (TestBase.java:23) - Setting up the driver...
2024-03-02T05:43:00,887 [main] INFO  (ConfigurationReader.java:19) - Loading the property file...
2024-03-02T05:43:00,888 [main] INFO  (ConfigurationReader.java:41) - Getting the property key {browserType} from the property file
2024-03-02T05:43:00,889 [main] INFO  (Driver.java:18) - Getting a driver instance
2024-03-02T05:43:00,890 [main] INFO  (Driver.java:33) - Starting a Chrome browser
2024-03-02T05:43:01,237 [main] INFO  (WebDriverManager.java:1217) - Using chromedriver 122.0.6261.94 (resolved driver for Chrome 122)
2024-03-02T05:43:01,256 [main] INFO  (WebDriverManager.java:1270) - Exporting webdriver.chrome.driver as /Users/majdeddinemejbri/.cache/selenium/chromedriver/mac64/122.0.6261.94/chromedriver
2024-03-02T05:43:03,595 [main] INFO  (ConfigurationReader.java:41) - Getting the property key {url} from the property file
2024-03-02T05:43:04,001 [main] INFO  (LoginPage.java:57) - Entering username {standard_user} into the username field
2024-03-02T05:43:04,238 [main] INFO  (LoginPage.java:66) - Entering password {secret_sauce} into the password field
2024-03-02T05:43:04,334 [main] INFO  (LoginPage.java:75) - Clicking on submit button
2024-03-02T05:43:04,450 [main] INFO  (MainPage.java:130) - Clicking on the Add to Cart for Back Pack
2024-03-02T05:43:04,503 [main] INFO  (MainPage.java:176) - Clicking on the shopping cart icon
2024-03-02T05:43:04,562 [main] INFO  (CartPage.java:72) - check is the Sauce Labs Backpack Displayed or not 
2024-03-02T05:43:04,563 [main] INFO  (SeleniumUtils.java:24) - Waiting for an element until its visible
2024-03-02T05:43:04,564 [main] INFO  (ConfigurationReader.java:41) - Getting the property key {explicitWait} from the property file
2024-03-02T05:43:04,571 [main] INFO  (TestBase.java:33) - Closing the driver...
2024-03-02T05:43:04,572 [main] INFO  (Driver.java:47) - Closing the browser
2024-03-02T05:43:41,818 [main] INFO  (Logger.java:112) - [TestNG] Running:
  /Users/majdeddinemejbri/Library/Caches/JetBrains/IdeaIC2023.3/temp-testng-customsuite.xml

2024-03-02T05:43:42,003 [main] INFO  (TestBase.java:23) - Setting up the driver...
2024-03-02T05:43:42,005 [main] INFO  (ConfigurationReader.java:19) - Loading the property file...
2024-03-02T05:43:42,011 [main] INFO  (ConfigurationReader.java:41) - Getting the property key {browserType} from the property file
2024-03-02T05:43:42,014 [main] INFO  (Driver.java:18) - Getting a driver instance
2024-03-02T05:43:42,014 [main] INFO  (Driver.java:33) - Starting a Chrome browser
2024-03-02T05:43:42,678 [main] INFO  (WebDriverManager.java:1217) - Using chromedriver 122.0.6261.94 (resolved driver for Chrome 122)
2024-03-02T05:43:42,720 [main] INFO  (WebDriverManager.java:1270) - Exporting webdriver.chrome.driver as /Users/majdeddinemejbri/.cache/selenium/chromedriver/mac64/122.0.6261.94/chromedriver
2024-03-02T05:43:45,787 [main] INFO  (ConfigurationReader.java:41) - Getting the property key {url} from the property file
2024-03-02T05:43:54,295 [main] INFO  (LoginPage.java:57) - Entering username {standard_user} into the username field
2024-03-02T05:44:07,660 [main] INFO  (LoginPage.java:66) - Entering password {secret_sauce} into the password field
2024-03-02T05:44:12,725 [main] INFO  (LoginPage.java:75) - Clicking on submit button
2024-03-02T05:44:25,648 [main] INFO  (MainPage.java:130) - Clicking on the Add to Cart for Back Pack
2024-03-02T05:44:29,408 [main] INFO  (MainPage.java:176) - Clicking on the shopping cart icon
2024-03-02T05:45:25,880 [main] INFO  (CartPage.java:72) - check is the Sauce Labs Backpack Displayed or not 
2024-03-02T05:45:25,883 [main] INFO  (SeleniumUtils.java:24) - Waiting for an element until its visible
2024-03-02T05:45:25,884 [main] INFO  (ConfigurationReader.java:41) - Getting the property key {explicitWait} from the property file
2024-03-02T05:45:25,891 [main] INFO  (TestBase.java:33) - Closing the driver...
2024-03-02T05:45:25,891 [main] INFO  (Driver.java:47) - Closing the browser
2024-03-02T05:45:29,908 [main] INFO  (Logger.java:112) - [TestNG] Running:
  /Users/majdeddinemejbri/Library/Caches/JetBrains/IdeaIC2023.3/temp-testng-customsuite.xml

2024-03-02T05:45:29,992 [main] INFO  (TestBase.java:23) - Setting up the driver...
2024-03-02T05:45:29,994 [main] INFO  (ConfigurationReader.java:19) - Loading the property file...
2024-03-02T05:45:29,995 [main] INFO  (ConfigurationReader.java:41) - Getting the property key {browserType} from the property file
2024-03-02T05:45:29,997 [main] INFO  (Driver.java:18) - Getting a driver instance
2024-03-02T05:45:29,997 [main] INFO  (Driver.java:33) - Starting a Chrome browser
2024-03-02T05:45:30,389 [main] INFO  (WebDriverManager.java:1217) - Using chromedriver 122.0.6261.94 (resolved driver for Chrome 122)
2024-03-02T05:45:30,407 [main] INFO  (WebDriverManager.java:1270) - Exporting webdriver.chrome.driver as /Users/majdeddinemejbri/.cache/selenium/chromedriver/mac64/122.0.6261.94/chromedriver
2024-03-02T05:45:32,713 [main] INFO  (ConfigurationReader.java:41) - Getting the property key {url} from the property file
2024-03-02T05:45:33,122 [main] INFO  (LoginPage.java:57) - Entering username {standard_user} into the username field
2024-03-02T05:45:33,356 [main] INFO  (LoginPage.java:66) - Entering password {secret_sauce} into the password field
2024-03-02T05:45:33,452 [main] INFO  (LoginPage.java:75) - Clicking on submit button
2024-03-02T05:45:33,577 [main] INFO  (MainPage.java:130) - Clicking on the Add to Cart for Back Pack
2024-03-02T05:45:33,634 [main] INFO  (MainPage.java:176) - Clicking on the shopping cart icon
2024-03-02T05:45:33,693 [main] INFO  (CartPage.java:72) - check is the Sauce Labs Backpack Displayed or not 
2024-03-02T05:45:33,693 [main] INFO  (SeleniumUtils.java:24) - Waiting for an element until its visible
2024-03-02T05:45:33,694 [main] INFO  (ConfigurationReader.java:41) - Getting the property key {explicitWait} from the property file
2024-03-02T05:45:33,702 [main] INFO  (TestBase.java:33) - Closing the driver...
2024-03-02T05:45:33,702 [main] INFO  (Driver.java:47) - Closing the browser
2024-03-02T05:45:55,373 [main] INFO  (Logger.java:112) - [TestNG] Running:
  /Users/majdeddinemejbri/Library/Caches/JetBrains/IdeaIC2023.3/temp-testng-customsuite.xml

2024-03-02T05:45:55,542 [main] INFO  (TestBase.java:23) - Setting up the driver...
2024-03-02T05:45:55,543 [main] INFO  (ConfigurationReader.java:19) - Loading the property file...
2024-03-02T05:45:55,544 [main] INFO  (ConfigurationReader.java:41) - Getting the property key {browserType} from the property file
2024-03-02T05:45:55,546 [main] INFO  (Driver.java:18) - Getting a driver instance
2024-03-02T05:45:55,546 [main] INFO  (Driver.java:33) - Starting a Chrome browser
2024-03-02T05:45:56,219 [main] INFO  (WebDriverManager.java:1217) - Using chromedriver 122.0.6261.94 (resolved driver for Chrome 122)
2024-03-02T05:45:56,251 [main] INFO  (WebDriverManager.java:1270) - Exporting webdriver.chrome.driver as /Users/majdeddinemejbri/.cache/selenium/chromedriver/mac64/122.0.6261.94/chromedriver
2024-03-02T05:45:59,274 [main] INFO  (ConfigurationReader.java:41) - Getting the property key {url} from the property file
2024-03-02T05:46:02,859 [main] INFO  (LoginPage.java:57) - Entering username {standard_user} into the username field
2024-03-02T05:46:08,791 [main] INFO  (LoginPage.java:66) - Entering password {secret_sauce} into the password field
2024-03-02T05:46:09,806 [main] INFO  (LoginPage.java:75) - Clicking on submit button
2024-03-02T05:46:10,756 [main] INFO  (MainPage.java:130) - Clicking on the Add to Cart for Back Pack
2024-03-02T05:46:11,806 [main] INFO  (MainPage.java:176) - Clicking on the shopping cart icon
2024-03-02T05:46:23,543 [main] INFO  (CartPage.java:72) - check is the Sauce Labs Backpack Displayed or not 
2024-03-02T05:46:23,552 [main] INFO  (SeleniumUtils.java:24) - Waiting for an element until its visible
2024-03-02T05:46:36,522 [main] INFO  (ConfigurationReader.java:41) - Getting the property key {explicitWait} from the property file
2024-03-02T05:46:36,540 [main] INFO  (TestBase.java:33) - Closing the driver...
2024-03-02T05:46:36,540 [main] INFO  (Driver.java:47) - Closing the browser
2024-03-02T05:46:50,916 [main] INFO  (Logger.java:112) - [TestNG] Running:
  /Users/majdeddinemejbri/Library/Caches/JetBrains/IdeaIC2023.3/temp-testng-customsuite.xml

2024-03-02T05:46:51,040 [main] INFO  (TestBase.java:23) - Setting up the driver...
2024-03-02T05:46:51,042 [main] INFO  (ConfigurationReader.java:19) - Loading the property file...
2024-03-02T05:46:51,042 [main] INFO  (ConfigurationReader.java:41) - Getting the property key {browserType} from the property file
2024-03-02T05:46:51,045 [main] INFO  (Driver.java:18) - Getting a driver instance
2024-03-02T05:46:51,045 [main] INFO  (Driver.java:33) - Starting a Chrome browser
2024-03-02T05:46:51,702 [main] INFO  (WebDriverManager.java:1217) - Using chromedriver 122.0.6261.94 (resolved driver for Chrome 122)
2024-03-02T05:46:51,735 [main] INFO  (WebDriverManager.java:1270) - Exporting webdriver.chrome.driver as /Users/majdeddinemejbri/.cache/selenium/chromedriver/mac64/122.0.6261.94/chromedriver
2024-03-02T05:46:54,691 [main] INFO  (ConfigurationReader.java:41) - Getting the property key {url} from the property file
2024-03-02T05:46:58,024 [main] INFO  (LoginPage.java:57) - Entering username {standard_user} into the username field
2024-03-02T05:46:58,409 [main] INFO  (LoginPage.java:66) - Entering password {secret_sauce} into the password field
2024-03-02T05:46:59,272 [main] INFO  (LoginPage.java:75) - Clicking on submit button
2024-03-02T05:46:59,623 [main] INFO  (MainPage.java:130) - Clicking on the Add to Cart for Back Pack
2024-03-02T05:46:59,989 [main] INFO  (MainPage.java:176) - Clicking on the shopping cart icon
2024-03-02T05:47:00,371 [main] INFO  (CartPage.java:72) - check is the Sauce Labs Backpack Displayed or not 
2024-03-02T05:47:00,374 [main] INFO  (SeleniumUtils.java:24) - Waiting for an element until its visible
2024-03-02T05:47:00,375 [main] INFO  (ConfigurationReader.java:41) - Getting the property key {explicitWait} from the property file
2024-03-02T05:47:13,243 [main] INFO  (TestBase.java:33) - Closing the driver...
2024-03-02T05:47:13,245 [main] INFO  (Driver.java:47) - Closing the browser
2024-03-02T05:48:32,349 [main] INFO  (Logger.java:112) - [TestNG] Running:
  /Users/majdeddinemejbri/Library/Caches/JetBrains/IdeaIC2023.3/temp-testng-customsuite.xml

2024-03-02T05:48:32,426 [main] INFO  (TestBase.java:23) - Setting up the driver...
2024-03-02T05:48:32,428 [main] INFO  (ConfigurationReader.java:19) - Loading the property file...
2024-03-02T05:48:32,429 [main] INFO  (ConfigurationReader.java:41) - Getting the property key {browserType} from the property file
2024-03-02T05:48:32,431 [main] INFO  (Driver.java:18) - Getting a driver instance
2024-03-02T05:48:32,432 [main] INFO  (Driver.java:33) - Starting a Chrome browser
2024-03-02T05:48:32,802 [main] INFO  (WebDriverManager.java:1217) - Using chromedriver 122.0.6261.94 (resolved driver for Chrome 122)
2024-03-02T05:48:32,820 [main] INFO  (WebDriverManager.java:1270) - Exporting webdriver.chrome.driver as /Users/majdeddinemejbri/.cache/selenium/chromedriver/mac64/122.0.6261.94/chromedriver
2024-03-02T05:48:35,090 [main] INFO  (ConfigurationReader.java:41) - Getting the property key {url} from the property file
2024-03-02T05:48:35,506 [main] INFO  (LoginPage.java:57) - Entering username {standard_user} into the username field
2024-03-02T05:48:35,759 [main] INFO  (LoginPage.java:66) - Entering password {secret_sauce} into the password field
2024-03-02T05:48:35,842 [main] INFO  (LoginPage.java:75) - Clicking on submit button
2024-03-02T05:48:41,967 [main] INFO  (MainPage.java:130) - Clicking on the Add to Cart for Back Pack
2024-03-02T05:48:48,021 [main] INFO  (MainPage.java:176) - Clicking on the shopping cart icon
2024-03-02T05:48:54,087 [main] INFO  (CartPage.java:72) - check is the Sauce Labs Backpack Displayed or not 
2024-03-02T05:48:54,088 [main] INFO  (SeleniumUtils.java:24) - Waiting for an element until its visible
2024-03-02T05:48:54,088 [main] INFO  (ConfigurationReader.java:41) - Getting the property key {explicitWait} from the property file
2024-03-02T05:48:54,096 [main] INFO  (TestBase.java:33) - Closing the driver...
2024-03-02T05:48:54,097 [main] INFO  (Driver.java:47) - Closing the browser
2024-03-02T05:50:33,017 [main] INFO  (Logger.java:112) - [TestNG] Running:
  /Users/majdeddinemejbri/Library/Caches/JetBrains/IdeaIC2023.3/temp-testng-customsuite.xml

2024-03-02T05:50:33,095 [main] INFO  (TestBase.java:23) - Setting up the driver...
2024-03-02T05:50:33,097 [main] INFO  (ConfigurationReader.java:19) - Loading the property file...
2024-03-02T05:50:33,098 [main] INFO  (ConfigurationReader.java:41) - Getting the property key {browserType} from the property file
2024-03-02T05:50:33,100 [main] INFO  (Driver.java:18) - Getting a driver instance
2024-03-02T05:50:33,101 [main] INFO  (Driver.java:33) - Starting a Chrome browser
2024-03-02T05:50:33,492 [main] INFO  (WebDriverManager.java:1217) - Using chromedriver 122.0.6261.94 (resolved driver for Chrome 122)
2024-03-02T05:50:33,511 [main] INFO  (WebDriverManager.java:1270) - Exporting webdriver.chrome.driver as /Users/majdeddinemejbri/.cache/selenium/chromedriver/mac64/122.0.6261.94/chromedriver
2024-03-02T05:50:35,814 [main] INFO  (ConfigurationReader.java:41) - Getting the property key {url} from the property file
2024-03-02T05:50:36,183 [main] INFO  (LoginPage.java:57) - Entering username {standard_user} into the username field
2024-03-02T05:50:36,380 [main] INFO  (LoginPage.java:66) - Entering password {secret_sauce} into the password field
2024-03-02T05:50:36,457 [main] INFO  (LoginPage.java:75) - Clicking on submit button
2024-03-02T05:50:36,566 [main] INFO  (MainPage.java:130) - Clicking on the Add to Cart for Back Pack
2024-03-02T05:50:36,615 [main] INFO  (MainPage.java:176) - Clicking on the shopping cart icon
2024-03-02T05:50:36,671 [main] INFO  (CartPage.java:81) - check is the Sauce Labs Backpack price is Displayed or not 
2024-03-02T05:50:36,672 [main] INFO  (SeleniumUtils.java:24) - Waiting for an element until its visible
2024-03-02T05:50:36,672 [main] INFO  (ConfigurationReader.java:41) - Getting the property key {explicitWait} from the property file
2024-03-02T05:50:36,680 [main] INFO  (TestBase.java:33) - Closing the driver...
2024-03-02T05:50:36,680 [main] INFO  (Driver.java:47) - Closing the browser
2024-03-02T05:53:06,302 [main] INFO  (Logger.java:112) - [TestNG] Running:
  /Users/majdeddinemejbri/Library/Caches/JetBrains/IdeaIC2023.3/temp-testng-customsuite.xml

2024-03-02T05:53:06,378 [main] INFO  (TestBase.java:23) - Setting up the driver...
2024-03-02T05:53:06,380 [main] INFO  (ConfigurationReader.java:19) - Loading the property file...
2024-03-02T05:53:06,381 [main] INFO  (ConfigurationReader.java:41) - Getting the property key {browserType} from the property file
2024-03-02T05:53:06,383 [main] INFO  (Driver.java:18) - Getting a driver instance
2024-03-02T05:53:06,383 [main] INFO  (Driver.java:33) - Starting a Chrome browser
2024-03-02T05:53:06,802 [main] INFO  (WebDriverManager.java:1217) - Using chromedriver 122.0.6261.94 (resolved driver for Chrome 122)
2024-03-02T05:53:06,821 [main] INFO  (WebDriverManager.java:1270) - Exporting webdriver.chrome.driver as /Users/majdeddinemejbri/.cache/selenium/chromedriver/mac64/122.0.6261.94/chromedriver
2024-03-02T05:53:09,136 [main] INFO  (ConfigurationReader.java:41) - Getting the property key {url} from the property file
2024-03-02T05:53:09,527 [main] INFO  (LoginPage.java:57) - Entering username {standard_user} into the username field
2024-03-02T05:53:09,771 [main] INFO  (LoginPage.java:66) - Entering password {secret_sauce} into the password field
2024-03-02T05:53:09,850 [main] INFO  (LoginPage.java:75) - Clicking on submit button
2024-03-02T05:53:09,972 [main] INFO  (MainPage.java:130) - Clicking on the Add to Cart for Back Pack
2024-03-02T05:53:10,024 [main] INFO  (MainPage.java:176) - Clicking on the shopping cart icon
2024-03-02T05:53:10,085 [main] INFO  (CartPage.java:72) - check is the Sauce Labs Backpack Displayed or not 
2024-03-02T05:53:10,086 [main] INFO  (SeleniumUtils.java:24) - Waiting for an element until its visible
2024-03-02T05:53:10,086 [main] INFO  (ConfigurationReader.java:41) - Getting the property key {explicitWait} from the property file
2024-03-02T05:53:10,094 [main] INFO  (TestBase.java:33) - Closing the driver...
2024-03-02T05:53:10,095 [main] INFO  (Driver.java:47) - Closing the browser
2024-03-02T05:55:19,263 [main] INFO  (Logger.java:112) - [TestNG] Running:
  /Users/majdeddinemejbri/Library/Caches/JetBrains/IdeaIC2023.3/temp-testng-customsuite.xml

2024-03-02T05:55:19,328 [main] INFO  (TestBase.java:23) - Setting up the driver...
2024-03-02T05:55:19,330 [main] INFO  (ConfigurationReader.java:19) - Loading the property file...
2024-03-02T05:55:19,336 [main] INFO  (ConfigurationReader.java:41) - Getting the property key {browserType} from the property file
2024-03-02T05:55:19,339 [main] INFO  (Driver.java:18) - Getting a driver instance
2024-03-02T05:55:19,339 [main] INFO  (Driver.java:33) - Starting a Chrome browser
2024-03-02T05:55:19,742 [main] INFO  (WebDriverManager.java:1217) - Using chromedriver 122.0.6261.94 (resolved driver for Chrome 122)
2024-03-02T05:55:19,766 [main] INFO  (WebDriverManager.java:1270) - Exporting webdriver.chrome.driver as /Users/majdeddinemejbri/.cache/selenium/chromedriver/mac64/122.0.6261.94/chromedriver
2024-03-02T05:55:22,067 [main] INFO  (ConfigurationReader.java:41) - Getting the property key {url} from the property file
2024-03-02T05:55:22,455 [main] INFO  (LoginPage.java:57) - Entering username {standard_user} into the username field
2024-03-02T05:55:22,703 [main] INFO  (LoginPage.java:66) - Entering password {secret_sauce} into the password field
2024-03-02T05:55:22,797 [main] INFO  (LoginPage.java:75) - Clicking on submit button
2024-03-02T05:55:22,914 [main] INFO  (MainPage.java:130) - Clicking on the Add to Cart for Back Pack
2024-03-02T05:55:22,968 [main] INFO  (MainPage.java:176) - Clicking on the shopping cart icon
2024-03-02T05:55:23,027 [main] INFO  (CartPage.java:72) - check is the Sauce Labs Backpack Displayed or not 
2024-03-02T05:55:23,028 [main] INFO  (SeleniumUtils.java:24) - Waiting for an element until its visible
2024-03-02T05:55:23,028 [main] INFO  (ConfigurationReader.java:41) - Getting the property key {explicitWait} from the property file
2024-03-02T05:55:23,035 [main] INFO  (TestBase.java:33) - Closing the driver...
2024-03-02T05:55:23,036 [main] INFO  (Driver.java:47) - Closing the browser
2024-03-02T10:39:26,903 [main] INFO  (Logger.java:112) - [TestNG] Running:
  /Users/majdeddinemejbri/Library/Caches/JetBrains/IdeaIC2023.3/temp-testng-customsuite.xml

2024-03-02T10:39:26,963 [main] INFO  (TestBase.java:23) - Setting up the driver...
2024-03-02T10:39:26,965 [main] INFO  (ConfigurationReader.java:19) - Loading the property file...
2024-03-02T10:39:26,967 [main] INFO  (ConfigurationReader.java:41) - Getting the property key {browserType} from the property file
2024-03-02T10:39:26,969 [main] INFO  (Driver.java:18) - Getting a driver instance
2024-03-02T10:39:26,969 [main] INFO  (Driver.java:33) - Starting a Chrome browser
2024-03-02T10:39:27,982 [main] INFO  (WebDriverManager.java:1217) - Using chromedriver 122.0.6261.94 (resolved driver for Chrome 122)
2024-03-02T10:39:28,000 [main] INFO  (WebDriverManager.java:1270) - Exporting webdriver.chrome.driver as /Users/majdeddinemejbri/.cache/selenium/chromedriver/mac64/122.0.6261.94/chromedriver
2024-03-02T10:39:30,684 [main] INFO  (ConfigurationReader.java:41) - Getting the property key {url} from the property file
2024-03-02T10:39:31,266 [main] INFO  (LoginPage.java:57) - Entering username {standard_user} into the username field
2024-03-02T10:39:31,539 [main] INFO  (LoginPage.java:66) - Entering password {secret_sauce} into the password field
2024-03-02T10:39:31,627 [main] INFO  (LoginPage.java:75) - Clicking on submit button
2024-03-02T10:39:31,761 [main] INFO  (MainPage.java:130) - Clicking on the Add to Cart for Back Pack
2024-03-02T10:39:31,825 [main] INFO  (MainPage.java:176) - Clicking on the shopping cart icon
2024-03-02T10:39:31,878 [main] INFO  (CartPage.java:72) - check is the Sauce Labs Backpack Displayed or not 
2024-03-02T10:39:31,879 [main] INFO  (SeleniumUtils.java:24) - Waiting for an element until its visible
2024-03-02T10:39:31,880 [main] INFO  (ConfigurationReader.java:41) - Getting the property key {explicitWait} from the property file
2024-03-02T10:39:31,888 [main] INFO  (TestBase.java:33) - Closing the driver...
2024-03-02T10:39:31,889 [main] INFO  (Driver.java:47) - Closing the browser
2024-03-02T11:03:26,302 [main] INFO  (Logger.java:112) - [TestNG] Running:
  /Users/majdeddinemejbri/Library/Caches/JetBrains/IdeaIC2023.3/temp-testng-customsuite.xml

2024-03-02T11:03:26,390 [main] INFO  (TestBase.java:23) - Setting up the driver...
2024-03-02T11:03:26,391 [main] INFO  (ConfigurationReader.java:19) - Loading the property file...
2024-03-02T11:03:26,393 [main] INFO  (ConfigurationReader.java:41) - Getting the property key {browserType} from the property file
2024-03-02T11:03:26,395 [main] INFO  (Driver.java:18) - Getting a driver instance
2024-03-02T11:03:26,396 [main] INFO  (Driver.java:33) - Starting a Chrome browser
2024-03-02T11:03:26,864 [main] INFO  (WebDriverManager.java:1217) - Using chromedriver 122.0.6261.94 (resolved driver for Chrome 122)
2024-03-02T11:03:26,883 [main] INFO  (WebDriverManager.java:1270) - Exporting webdriver.chrome.driver as /Users/majdeddinemejbri/.cache/selenium/chromedriver/mac64/122.0.6261.94/chromedriver
2024-03-02T11:03:29,212 [main] INFO  (ConfigurationReader.java:41) - Getting the property key {url} from the property file
2024-03-02T11:03:29,790 [main] INFO  (TC_11_VerifyItemInCart.java:20) - Verifying that Sauce Labs Backpach is available in the cart Page 
2024-03-02T11:03:29,793 [main] INFO  (LoginPage.java:57) - Entering username {standard_user} into the username field
2024-03-02T11:03:30,037 [main] INFO  (LoginPage.java:66) - Entering password {secret_sauce} into the password field
2024-03-02T11:03:30,135 [main] INFO  (LoginPage.java:75) - Clicking on submit button
2024-03-02T11:03:30,257 [main] INFO  (MainPage.java:130) - Clicking on the Add to Cart for Back Pack
2024-03-02T11:03:30,328 [main] INFO  (MainPage.java:176) - Clicking on the shopping cart icon
2024-03-02T11:03:30,394 [main] INFO  (CartPage.java:74) - check is the Sauce Labs Backpack Displayed or not 
2024-03-02T11:03:30,439 [main] INFO  (TestBase.java:33) - Closing the driver...
2024-03-02T11:03:30,440 [main] INFO  (Driver.java:47) - Closing the browser
2024-03-02T11:04:33,528 [main] INFO  (Logger.java:112) - [TestNG] Running:
  /Users/majdeddinemejbri/Library/Caches/JetBrains/IdeaIC2023.3/temp-testng-customsuite.xml

2024-03-02T11:04:33,618 [main] INFO  (TestBase.java:23) - Setting up the driver...
2024-03-02T11:04:33,619 [main] INFO  (ConfigurationReader.java:19) - Loading the property file...
2024-03-02T11:04:33,621 [main] INFO  (ConfigurationReader.java:41) - Getting the property key {browserType} from the property file
2024-03-02T11:04:33,623 [main] INFO  (Driver.java:18) - Getting a driver instance
2024-03-02T11:04:33,624 [main] INFO  (Driver.java:33) - Starting a Chrome browser
2024-03-02T11:04:34,062 [main] INFO  (WebDriverManager.java:1217) - Using chromedriver 122.0.6261.94 (resolved driver for Chrome 122)
2024-03-02T11:04:34,085 [main] INFO  (WebDriverManager.java:1270) - Exporting webdriver.chrome.driver as /Users/majdeddinemejbri/.cache/selenium/chromedriver/mac64/122.0.6261.94/chromedriver
2024-03-02T11:04:36,417 [main] INFO  (ConfigurationReader.java:41) - Getting the property key {url} from the property file
2024-03-02T11:04:36,903 [main] INFO  (TC_11_VerifyItemInCart.java:20) - Verifying that Sauce Labs Backpach is available in the cart Page 
2024-03-02T11:04:36,905 [main] INFO  (LoginPage.java:57) - Entering username {standard_user} into the username field
2024-03-02T11:04:37,132 [main] INFO  (LoginPage.java:66) - Entering password {secret_sauce} into the password field
2024-03-02T11:04:37,232 [main] INFO  (LoginPage.java:75) - Clicking on submit button
2024-03-02T11:04:37,375 [main] INFO  (MainPage.java:130) - Clicking on the Add to Cart for Back Pack
2024-03-02T11:04:37,442 [main] INFO  (MainPage.java:176) - Clicking on the shopping cart icon
2024-03-02T11:04:37,508 [main] INFO  (CartPage.java:74) - check is the Sauce Labs Backpack Displayed or not 
2024-03-02T11:04:37,548 [main] INFO  (CartPage.java:83) - check is the Sauce Labs Backpack description is Displayed or not 
2024-03-02T11:04:37,572 [main] INFO  (CartPage.java:87) - check is the Sauce Labs Backpack price is Displayed or not 
2024-03-02T11:04:37,597 [main] INFO  (TestBase.java:33) - Closing the driver...
2024-03-02T11:04:37,597 [main] INFO  (Driver.java:47) - Closing the browser
